{"/vercel/share/v0-project/frontend/app/layout.tsx": {"path":"/vercel/share/v0-project/frontend/app/layout.tsx","statementMap":{"0":{"start":{"line":13,"column":24},"end":{"line":13,"column":35}},"1":{"start":{"line":8,"column":13},"end":{"line":8,"column":21}},"2":{"start":{"line":2,"column":22},"end":{"line":2,"column":null}},"3":{"start":{"line":4,"column":7},"end":{"line":4,"column":null}},"4":{"start":{"line":6,"column":14},"end":{"line":6,"column":null}},"5":{"start":{"line":8,"column":34},"end":{"line":11,"column":null}}},"fnMap":{"0":{"name":"RootLayout","decl":{"start":{"line":13,"column":24},"end":{"line":13,"column":35}},"loc":{"start":{"line":17,"column":1},"end":{"line":25,"column":1}}}},"branchMap":{},"s":{"0":0,"1":0,"2":0,"3":0,"4":0,"5":0},"f":{"0":0},"b":{}}
,"/vercel/share/v0-project/frontend/app/page.tsx": {"path":"/vercel/share/v0-project/frontend/app/page.tsx","statementMap":{"0":{"start":{"line":3,"column":24},"end":{"line":3,"column":null}},"1":{"start":{"line":1,"column":17},"end":{"line":1,"column":null}}},"fnMap":{"0":{"name":"Home","decl":{"start":{"line":3,"column":24},"end":{"line":3,"column":null}},"loc":{"start":{"line":3,"column":24},"end":{"line":84,"column":null}}}},"branchMap":{},"s":{"0":0,"1":0},"f":{"0":0},"b":{}}
,"/vercel/share/v0-project/frontend/app/analytics/page.tsx": {"path":"/vercel/share/v0-project/frontend/app/analytics/page.tsx","statementMap":{"0":{"start":{"line":7,"column":24},"end":{"line":7,"column":null}},"1":{"start":{"line":3,"column":27},"end":{"line":3,"column":null}},"2":{"start":{"line":4,"column":23},"end":{"line":4,"column":null}},"3":{"start":{"line":5,"column":29},"end":{"line":5,"column":null}},"4":{"start":{"line":8,"column":33},"end":{"line":8,"column":null}},"5":{"start":{"line":143,"column":20},"end":{"line":143,"column":34}}},"fnMap":{"0":{"name":"AnalyticsPage","decl":{"start":{"line":7,"column":24},"end":{"line":7,"column":null}},"loc":{"start":{"line":7,"column":24},"end":{"line":160,"column":null}}},"1":{"name":"(anonymous_2)","decl":{"start":{"line":142,"column":43},"end":{"line":142,"column":44}},"loc":{"start":{"line":143,"column":20},"end":{"line":143,"column":34}}}},"branchMap":{"0":{"loc":{"start":{"line":21,"column":50},"end":{"line":21,"column":97}},"type":"cond-expr","locations":[{"start":{"line":21,"column":62},"end":{"line":21,"column":80}},{"start":{"line":21,"column":80},"end":{"line":21,"column":97}}]},"1":{"loc":{"start":{"line":22,"column":17},"end":{"line":22,"column":81}},"type":"cond-expr","locations":[{"start":{"line":22,"column":29},"end":{"line":22,"column":36}},{"start":{"line":22,"column":36},"end":{"line":22,"column":81}}]},"2":{"loc":{"start":{"line":22,"column":47},"end":{"line":22,"column":81}},"type":"binary-expr","locations":[{"start":{"line":22,"column":47},"end":{"line":22,"column":78}},{"start":{"line":22,"column":78},"end":{"line":22,"column":81}}]},"3":{"loc":{"start":{"line":29,"column":50},"end":{"line":29,"column":96}},"type":"cond-expr","locations":[{"start":{"line":29,"column":62},"end":{"line":29,"column":80}},{"start":{"line":29,"column":80},"end":{"line":29,"column":96}}]},"4":{"loc":{"start":{"line":30,"column":17},"end":{"line":30,"column":null}},"type":"cond-expr","locations":[{"start":{"line":30,"column":29},"end":{"line":30,"column":36}},{"start":{"line":30,"column":36},"end":{"line":30,"column":null}}]},"5":{"loc":{"start":{"line":30,"column":37},"end":{"line":30,"column":79}},"type":"binary-expr","locations":[{"start":{"line":30,"column":37},"end":{"line":30,"column":76}},{"start":{"line":30,"column":76},"end":{"line":30,"column":79}}]},"6":{"loc":{"start":{"line":37,"column":50},"end":{"line":37,"column":95}},"type":"cond-expr","locations":[{"start":{"line":37,"column":62},"end":{"line":37,"column":80}},{"start":{"line":37,"column":80},"end":{"line":37,"column":95}}]},"7":{"loc":{"start":{"line":38,"column":17},"end":{"line":38,"column":null}},"type":"cond-expr","locations":[{"start":{"line":38,"column":29},"end":{"line":38,"column":36}},{"start":{"line":38,"column":36},"end":{"line":38,"column":null}}]},"8":{"loc":{"start":{"line":38,"column":36},"end":{"line":38,"column":null}},"type":"binary-expr","locations":[{"start":{"line":38,"column":36},"end":{"line":38,"column":67}},{"start":{"line":38,"column":67},"end":{"line":38,"column":null}}]},"9":{"loc":{"start":{"line":45,"column":50},"end":{"line":45,"column":98}},"type":"cond-expr","locations":[{"start":{"line":45,"column":62},"end":{"line":45,"column":80}},{"start":{"line":45,"column":80},"end":{"line":45,"column":98}}]},"10":{"loc":{"start":{"line":46,"column":17},"end":{"line":46,"column":null}},"type":"cond-expr","locations":[{"start":{"line":46,"column":29},"end":{"line":46,"column":36}},{"start":{"line":46,"column":36},"end":{"line":46,"column":null}}]},"11":{"loc":{"start":{"line":46,"column":36},"end":{"line":46,"column":null}},"type":"binary-expr","locations":[{"start":{"line":46,"column":36},"end":{"line":46,"column":66}},{"start":{"line":46,"column":66},"end":{"line":46,"column":null}}]},"12":{"loc":{"start":{"line":58,"column":16},"end":{"line":60,"column":17}},"type":"cond-expr","locations":[{"start":{"line":58,"column":16},"end":{"line":60,"column":17}}]},"13":{"loc":{"start":{"line":64,"column":23},"end":{"line":64,"column":null}},"type":"binary-expr","locations":[{"start":{"line":64,"column":23},"end":{"line":64,"column":60}},{"start":{"line":64,"column":60},"end":{"line":64,"column":null}}]},"14":{"loc":{"start":{"line":70,"column":23},"end":{"line":70,"column":null}},"type":"binary-expr","locations":[{"start":{"line":70,"column":23},"end":{"line":70,"column":63}},{"start":{"line":70,"column":63},"end":{"line":70,"column":null}}]},"15":{"loc":{"start":{"line":76,"column":23},"end":{"line":76,"column":null}},"type":"binary-expr","locations":[{"start":{"line":76,"column":23},"end":{"line":76,"column":68}},{"start":{"line":76,"column":68},"end":{"line":76,"column":null}}]},"16":{"loc":{"start":{"line":87,"column":16},"end":{"line":89,"column":17}},"type":"cond-expr","locations":[{"start":{"line":87,"column":16},"end":{"line":89,"column":17}}]},"17":{"loc":{"start":{"line":93,"column":23},"end":{"line":93,"column":null}},"type":"binary-expr","locations":[{"start":{"line":93,"column":23},"end":{"line":93,"column":55}},{"start":{"line":93,"column":55},"end":{"line":93,"column":null}}]},"18":{"loc":{"start":{"line":99,"column":23},"end":{"line":99,"column":null}},"type":"binary-expr","locations":[{"start":{"line":99,"column":23},"end":{"line":99,"column":57}},{"start":{"line":99,"column":57},"end":{"line":99,"column":null}}]},"19":{"loc":{"start":{"line":105,"column":23},"end":{"line":105,"column":null}},"type":"binary-expr","locations":[{"start":{"line":105,"column":23},"end":{"line":105,"column":60}},{"start":{"line":105,"column":60},"end":{"line":105,"column":null}}]},"20":{"loc":{"start":{"line":116,"column":16},"end":{"line":118,"column":17}},"type":"cond-expr","locations":[{"start":{"line":116,"column":16},"end":{"line":118,"column":17}}]},"21":{"loc":{"start":{"line":122,"column":23},"end":{"line":122,"column":null}},"type":"binary-expr","locations":[{"start":{"line":122,"column":23},"end":{"line":122,"column":60}},{"start":{"line":122,"column":60},"end":{"line":122,"column":null}}]},"22":{"loc":{"start":{"line":128,"column":23},"end":{"line":128,"column":null}},"type":"binary-expr","locations":[{"start":{"line":128,"column":23},"end":{"line":128,"column":60}},{"start":{"line":128,"column":60},"end":{"line":128,"column":null}}]},"23":{"loc":{"start":{"line":139,"column":16},"end":{"line":140,"column":27}},"type":"cond-expr","locations":[{"start":{"line":139,"column":16},"end":{"line":140,"column":27}}]},"24":{"loc":{"start":{"line":141,"column":16},"end":{"line":150,"column":17}},"type":"cond-expr","locations":[{"start":{"line":141,"column":16},"end":{"line":150,"column":17}}]},"25":{"loc":{"start":{"line":140,"column":18},"end":{"line":140,"column":null}},"type":"binary-expr","locations":[{"start":{"line":140,"column":18},"end":{"line":140,"column":42}},{"start":{"line":140,"column":42},"end":{"line":140,"column":null}}]}},"s":{"0":0,"1":0,"2":0,"3":0,"4":0,"5":0},"f":{"0":0,"1":0},"b":{"0":[0,0],"1":[0,0],"2":[0,0],"3":[0,0],"4":[0,0],"5":[0,0],"6":[0,0],"7":[0,0],"8":[0,0],"9":[0,0],"10":[0,0],"11":[0,0],"12":[0],"13":[0,0],"14":[0,0],"15":[0,0],"16":[0],"17":[0,0],"18":[0,0],"19":[0,0],"20":[0],"21":[0,0],"22":[0,0],"23":[0],"24":[0],"25":[0,0]}}
,"/vercel/share/v0-project/frontend/app/audit-logs/page.tsx": {"path":"/vercel/share/v0-project/frontend/app/audit-logs/page.tsx","statementMap":{"0":{"start":{"line":8,"column":24},"end":{"line":8,"column":null}},"1":{"start":{"line":3,"column":25},"end":{"line":3,"column":null}},"2":{"start":{"line":4,"column":27},"end":{"line":4,"column":null}},"3":{"start":{"line":5,"column":23},"end":{"line":5,"column":null}},"4":{"start":{"line":6,"column":29},"end":{"line":6,"column":null}},"5":{"start":{"line":9,"column":70},"end":{"line":9,"column":null}},"6":{"start":{"line":10,"column":44},"end":{"line":10,"column":null}},"7":{"start":{"line":11,"column":42},"end":{"line":11,"column":null}},"8":{"start":{"line":13,"column":23},"end":{"line":13,"column":null}},"9":{"start":{"line":13,"column":59},"end":{"line":13,"column":90}},"10":{"start":{"line":27,"column":31},"end":{"line":27,"column":null}},"11":{"start":{"line":61,"column":22},"end":{"line":62,"column":null}},"12":{"start":{"line":65,"column":26},"end":{"line":65,"column":null}},"13":{"start":{"line":95,"column":33},"end":{"line":95,"column":null}},"14":{"start":{"line":97,"column":34},"end":{"line":97,"column":null}},"15":{"start":{"line":98,"column":18},"end":{"line":99,"column":null}},"16":{"start":{"line":106,"column":28},"end":{"line":106,"column":43}}},"fnMap":{"0":{"name":"AuditLogsPage","decl":{"start":{"line":8,"column":24},"end":{"line":8,"column":null}},"loc":{"start":{"line":8,"column":24},"end":{"line":129,"column":null}}},"1":{"name":"(anonymous_2)","decl":{"start":{"line":13,"column":50},"end":{"line":13,"column":51}},"loc":{"start":{"line":13,"column":59},"end":{"line":13,"column":90}}},"2":{"name":"(anonymous_3)","decl":{"start":{"line":27,"column":24},"end":{"line":27,"column":25}},"loc":{"start":{"line":27,"column":31},"end":{"line":27,"column":null}}},"3":{"name":"(anonymous_4)","decl":{"start":{"line":60,"column":38},"end":{"line":60,"column":39}},"loc":{"start":{"line":61,"column":22},"end":{"line":62,"column":null}}},"4":{"name":"(anonymous_5)","decl":{"start":{"line":64,"column":33},"end":{"line":64,"column":null}},"loc":{"start":{"line":65,"column":26},"end":{"line":65,"column":null}}},"5":{"name":"(anonymous_6)","decl":{"start":{"line":95,"column":24},"end":{"line":95,"column":25}},"loc":{"start":{"line":95,"column":33},"end":{"line":95,"column":null}}},"6":{"name":"(anonymous_7)","decl":{"start":{"line":96,"column":21},"end":{"line":96,"column":22}},"loc":{"start":{"line":96,"column":22},"end":{"line":122,"column":null}}},"7":{"name":"(anonymous_8)","decl":{"start":{"line":105,"column":55},"end":{"line":105,"column":56}},"loc":{"start":{"line":106,"column":28},"end":{"line":106,"column":43}}}},"branchMap":{"0":{"loc":{"start":{"line":13,"column":23},"end":{"line":13,"column":null}},"type":"cond-expr","locations":[{"start":{"line":13,"column":38},"end":{"line":13,"column":90}},{"start":{"line":13,"column":90},"end":{"line":13,"column":null}}]},"1":{"loc":{"start":{"line":44,"column":14},"end":{"line":45,"column":29}},"type":"cond-expr","locations":[{"start":{"line":44,"column":14},"end":{"line":45,"column":29}}]},"2":{"loc":{"start":{"line":46,"column":14},"end":{"line":48,"column":15}},"type":"cond-expr","locations":[{"start":{"line":46,"column":14},"end":{"line":48,"column":15}}]},"3":{"loc":{"start":{"line":65,"column":43},"end":{"line":65,"column":83}},"type":"cond-expr","locations":[{"start":{"line":65,"column":70},"end":{"line":65,"column":77}},{"start":{"line":65,"column":77},"end":{"line":65,"column":83}}]},"4":{"loc":{"start":{"line":81,"column":27},"end":{"line":81,"column":null}},"type":"cond-expr","locations":[{"start":{"line":81,"column":75},"end":{"line":81,"column":92}},{"start":{"line":81,"column":92},"end":{"line":81,"column":null}}]},"5":{"loc":{"start":{"line":92,"column":11},"end":{"line":92,"column":null}},"type":"binary-expr","locations":[{"start":{"line":92,"column":11},"end":{"line":92,"column":null}}]},"6":{"loc":{"start":{"line":104,"column":24},"end":{"line":118,"column":25}},"type":"cond-expr","locations":[{"start":{"line":104,"column":24},"end":{"line":118,"column":25}}]}},"s":{"0":0,"1":0,"2":0,"3":0,"4":0,"5":0,"6":0,"7":0,"8":0,"9":0,"10":0,"11":0,"12":0,"13":0,"14":0,"15":0,"16":0},"f":{"0":0,"1":0,"2":0,"3":0,"4":0,"5":0,"6":0,"7":0},"b":{"0":[0,0],"1":[0],"2":[0],"3":[0,0],"4":[0,0],"5":[0],"6":[0]}}
,"/vercel/share/v0-project/frontend/app/availability/page.tsx": {"path":"/vercel/share/v0-project/frontend/app/availability/page.tsx","statementMap":{"0":{"start":{"line":11,"column":24},"end":{"line":11,"column":null}},"1":{"start":{"line":3,"column":25},"end":{"line":3,"column":null}},"2":{"start":{"line":4,"column":27},"end":{"line":4,"column":null}},"3":{"start":{"line":5,"column":23},"end":{"line":5,"column":null}},"4":{"start":{"line":6,"column":32},"end":{"line":6,"column":null}},"5":{"start":{"line":7,"column":27},"end":{"line":7,"column":null}},"6":{"start":{"line":9,"column":21},"end":{"line":9,"column":null}},"7":{"start":{"line":13,"column":4},"end":{"line":13,"column":null}},"8":{"start":{"line":14,"column":22},"end":{"line":14,"column":null}},"9":{"start":{"line":15,"column":36},"end":{"line":15,"column":null}},"10":{"start":{"line":16,"column":50},"end":{"line":16,"column":null}},"11":{"start":{"line":17,"column":42},"end":{"line":17,"column":null}},"12":{"start":{"line":18,"column":42},"end":{"line":18,"column":null}},"13":{"start":{"line":20,"column":26},"end":{"line":24,"column":null}},"14":{"start":{"line":21,"column":4},"end":{"line":22,"column":null}},"15":{"start":{"line":22,"column":6},"end":{"line":22,"column":null}},"16":{"start":{"line":22,"column":46},"end":{"line":22,"column":59}},"17":{"start":{"line":26,"column":35},"end":{"line":43,"column":null}},"18":{"start":{"line":27,"column":4},"end":{"line":27,"column":null}},"19":{"start":{"line":27,"column":56},"end":{"line":27,"column":null}},"20":{"start":{"line":29,"column":4},"end":{"line":29,"column":null}},"21":{"start":{"line":30,"column":4},"end":{"line":42,"column":null}},"22":{"start":{"line":31,"column":6},"end":{"line":35,"column":null}},"23":{"start":{"line":36,"column":6},"end":{"line":36,"column":null}},"24":{"start":{"line":37,"column":6},"end":{"line":37,"column":null}},"25":{"start":{"line":39,"column":6},"end":{"line":39,"column":null}},"26":{"start":{"line":41,"column":6},"end":{"line":41,"column":null}},"27":{"start":{"line":45,"column":29},"end":{"line":45,"column":null}},"28":{"start":{"line":45,"column":64},"end":{"line":45,"column":75}},"29":{"start":{"line":46,"column":25},"end":{"line":46,"column":null}},"30":{"start":{"line":46,"column":47},"end":{"line":46,"column":null}},"31":{"start":{"line":47,"column":25},"end":{"line":49,"column":null}},"32":{"start":{"line":94,"column":20},"end":{"line":94,"column":null}},"33":{"start":{"line":95,"column":20},"end":{"line":95,"column":null}},"34":{"start":{"line":101,"column":20},"end":{"line":101,"column":44}},"35":{"start":{"line":116,"column":24},"end":{"line":116,"column":41}},"36":{"start":{"line":120,"column":44},"end":{"line":120,"column":null}},"37":{"start":{"line":162,"column":22},"end":{"line":162,"column":41}},"38":{"start":{"line":169,"column":30},"end":{"line":169,"column":46}}},"fnMap":{"0":{"name":"AvailabilityPage","decl":{"start":{"line":11,"column":24},"end":{"line":11,"column":null}},"loc":{"start":{"line":11,"column":24},"end":{"line":191,"column":null}}},"1":{"name":"(anonymous_2)","decl":{"start":{"line":20,"column":26},"end":{"line":20,"column":27}},"loc":{"start":{"line":20,"column":27},"end":{"line":24,"column":null}}},"2":{"name":"(anonymous_3)","decl":{"start":{"line":21,"column":20},"end":{"line":21,"column":21}},"loc":{"start":{"line":22,"column":6},"end":{"line":22,"column":null}}},"3":{"name":"(anonymous_4)","decl":{"start":{"line":22,"column":39},"end":{"line":22,"column":40}},"loc":{"start":{"line":22,"column":46},"end":{"line":22,"column":59}}},"4":{"name":"(anonymous_5)","decl":{"start":{"line":26,"column":35},"end":{"line":26,"column":null}},"loc":{"start":{"line":26,"column":35},"end":{"line":43,"column":null}}},"5":{"name":"(anonymous_6)","decl":{"start":{"line":45,"column":57},"end":{"line":45,"column":58}},"loc":{"start":{"line":45,"column":64},"end":{"line":45,"column":75}}},"6":{"name":"(anonymous_7)","decl":{"start":{"line":46,"column":40},"end":{"line":46,"column":41}},"loc":{"start":{"line":46,"column":47},"end":{"line":46,"column":null}}},"7":{"name":"(anonymous_8)","decl":{"start":{"line":93,"column":28},"end":{"line":93,"column":29}},"loc":{"start":{"line":93,"column":29},"end":{"line":96,"column":null}}},"8":{"name":"(anonymous_9)","decl":{"start":{"line":100,"column":38},"end":{"line":100,"column":39}},"loc":{"start":{"line":101,"column":20},"end":{"line":101,"column":44}}},"9":{"name":"(anonymous_10)","decl":{"start":{"line":115,"column":40},"end":{"line":115,"column":41}},"loc":{"start":{"line":116,"column":24},"end":{"line":116,"column":41}}},"10":{"name":"(anonymous_11)","decl":{"start":{"line":120,"column":38},"end":{"line":120,"column":44}},"loc":{"start":{"line":120,"column":44},"end":{"line":120,"column":null}}},"11":{"name":"(anonymous_12)","decl":{"start":{"line":161,"column":40},"end":{"line":161,"column":41}},"loc":{"start":{"line":162,"column":22},"end":{"line":162,"column":41}}},"12":{"name":"(anonymous_13)","decl":{"start":{"line":168,"column":54},"end":{"line":168,"column":55}},"loc":{"start":{"line":169,"column":30},"end":{"line":169,"column":46}}}},"branchMap":{"0":{"loc":{"start":{"line":22,"column":6},"end":{"line":22,"column":null}},"type":"cond-expr","locations":[{"start":{"line":22,"column":27},"end":{"line":22,"column":59}},{"start":{"line":22,"column":59},"end":{"line":22,"column":null}}]},"1":{"loc":{"start":{"line":27,"column":4},"end":{"line":27,"column":null}},"type":"if","locations":[{"start":{"line":27,"column":4},"end":{"line":27,"column":null}},{"start":{},"end":{}}]},"2":{"loc":{"start":{"line":27,"column":8},"end":{"line":27,"column":56}},"type":"binary-expr","locations":[{"start":{"line":27,"column":8},"end":{"line":27,"column":29}},{"start":{"line":27,"column":29},"end":{"line":27,"column":56}}]},"3":{"loc":{"start":{"line":45,"column":37},"end":{"line":45,"column":82}},"type":"binary-expr","locations":[{"start":{"line":45,"column":37},"end":{"line":45,"column":80}},{"start":{"line":45,"column":80},"end":{"line":45,"column":82}}]},"4":{"loc":{"start":{"line":47,"column":25},"end":{"line":49,"column":null}},"type":"cond-expr","locations":[{"start":{"line":48,"column":6},"end":{"line":48,"column":null}},{"start":{"line":49,"column":6},"end":{"line":49,"column":null}}]},"5":{"loc":{"start":{"line":47,"column":25},"end":{"line":47,"column":null}},"type":"binary-expr","locations":[{"start":{"line":47,"column":25},"end":{"line":47,"column":43}},{"start":{"line":47,"column":43},"end":{"line":47,"column":null}}]},"6":{"loc":{"start":{"line":69,"column":69},"end":{"line":69,"column":null}},"type":"binary-expr","locations":[{"start":{"line":69,"column":69},"end":{"line":69,"column":95}},{"start":{"line":69,"column":95},"end":{"line":69,"column":null}}]},"7":{"loc":{"start":{"line":78,"column":11},"end":{"line":78,"column":null}},"type":"binary-expr","locations":[{"start":{"line":78,"column":11},"end":{"line":78,"column":null}}]},"8":{"loc":{"start":{"line":92,"column":25},"end":{"line":92,"column":null}},"type":"binary-expr","locations":[{"start":{"line":92,"column":25},"end":{"line":92,"column":45}},{"start":{"line":92,"column":45},"end":{"line":92,"column":null}}]},"9":{"loc":{"start":{"line":108,"column":15},"end":{"line":108,"column":null}},"type":"binary-expr","locations":[{"start":{"line":108,"column":15},"end":{"line":108,"column":null}}]},"10":{"loc":{"start":{"line":131,"column":30},"end":{"line":131,"column":null}},"type":"binary-expr","locations":[{"start":{"line":131,"column":30},"end":{"line":131,"column":46}},{"start":{"line":131,"column":46},"end":{"line":131,"column":null}}]},"11":{"loc":{"start":{"line":133,"column":22},"end":{"line":135,"column":null}},"type":"cond-expr","locations":[{"start":{"line":134,"column":26},"end":{"line":134,"column":null}},{"start":{"line":135,"column":26},"end":{"line":135,"column":null}}]},"12":{"loc":{"start":{"line":133,"column":22},"end":{"line":133,"column":null}},"type":"binary-expr","locations":[{"start":{"line":133,"column":22},"end":{"line":133,"column":38}},{"start":{"line":133,"column":38},"end":{"line":133,"column":null}}]},"13":{"loc":{"start":{"line":138,"column":21},"end":{"line":138,"column":null}},"type":"cond-expr","locations":[{"start":{"line":138,"column":36},"end":{"line":138,"column":54}},{"start":{"line":138,"column":54},"end":{"line":138,"column":null}}]},"14":{"loc":{"start":{"line":149,"column":14},"end":{"line":150,"column":34}},"type":"cond-expr","locations":[{"start":{"line":149,"column":14},"end":{"line":150,"column":34}}]},"15":{"loc":{"start":{"line":151,"column":14},"end":{"line":184,"column":15}},"type":"cond-expr","locations":[{"start":{"line":151,"column":14},"end":{"line":184,"column":15}}]},"16":{"loc":{"start":{"line":150,"column":16},"end":{"line":150,"column":null}},"type":"binary-expr","locations":[{"start":{"line":150,"column":16},"end":{"line":150,"column":34}},{"start":{"line":150,"column":34},"end":{"line":150,"column":null}}]}},"s":{"0":0,"1":0,"2":0,"3":0,"4":0,"5":0,"6":0,"7":0,"8":0,"9":0,"10":0,"11":0,"12":0,"13":0,"14":0,"15":0,"16":0,"17":0,"18":0,"19":0,"20":0,"21":0,"22":0,"23":0,"24":0,"25":0,"26":0,"27":0,"28":0,"29":0,"30":0,"31":0,"32":0,"33":0,"34":0,"35":0,"36":0,"37":0,"38":0},"f":{"0":0,"1":0,"2":0,"3":0,"4":0,"5":0,"6":0,"7":0,"8":0,"9":0,"10":0,"11":0,"12":0},"b":{"0":[0,0],"1":[0,0],"2":[0,0],"3":[0,0],"4":[0,0],"5":[0,0],"6":[0,0],"7":[0],"8":[0,0],"9":[0],"10":[0,0],"11":[0,0],"12":[0,0],"13":[0,0],"14":[0],"15":[0],"16":[0,0]}}
,"/vercel/share/v0-project/frontend/app/dashboard/app.tsx": {"path":"/vercel/share/v0-project/frontend/app/dashboard/app.tsx","statementMap":{"0":{"start":{"line":13,"column":24},"end":{"line":13,"column":null}},"1":{"start":{"line":4,"column":57},"end":{"line":4,"column":null}},"2":{"start":{"line":5,"column":32},"end":{"line":5,"column":null}},"3":{"start":{"line":6,"column":29},"end":{"line":6,"column":null}},"4":{"start":{"line":7,"column":28},"end":{"line":7,"column":null}},"5":{"start":{"line":8,"column":30},"end":{"line":8,"column":null}},"6":{"start":{"line":9,"column":30},"end":{"line":9,"column":null}},"7":{"start":{"line":10,"column":31},"end":{"line":10,"column":null}},"8":{"start":{"line":11,"column":31},"end":{"line":11,"column":null}},"9":{"start":{"line":14,"column":27},"end":{"line":14,"column":null}},"10":{"start":{"line":15,"column":33},"end":{"line":15,"column":null}}},"fnMap":{"0":{"name":"DashboardPage","decl":{"start":{"line":13,"column":24},"end":{"line":13,"column":null}},"loc":{"start":{"line":13,"column":24},"end":{"line":69,"column":null}}}},"branchMap":{},"s":{"0":0,"1":0,"2":0,"3":0,"4":0,"5":0,"6":0,"7":0,"8":0,"9":0,"10":0},"f":{"0":0},"b":{}}
,"/vercel/share/v0-project/frontend/app/dashboard/page.tsx": {"path":"/vercel/share/v0-project/frontend/app/dashboard/page.tsx","statementMap":{"0":{"start":{"line":18,"column":24},"end":{"line":18,"column":null}},"1":{"start":{"line":3,"column":17},"end":{"line":3,"column":null}},"2":{"start":{"line":4,"column":36},"end":{"line":4,"column":null}},"3":{"start":{"line":5,"column":27},"end":{"line":5,"column":null}},"4":{"start":{"line":6,"column":29},"end":{"line":6,"column":null}},"5":{"start":{"line":7,"column":29},"end":{"line":7,"column":null}},"6":{"start":{"line":19,"column":106},"end":{"line":19,"column":null}},"7":{"start":{"line":20,"column":45},"end":{"line":20,"column":null}},"8":{"start":{"line":21,"column":58},"end":{"line":21,"column":null}},"9":{"start":{"line":22,"column":44},"end":{"line":22,"column":null}},"10":{"start":{"line":24,"column":33},"end":{"line":41,"column":null}},"11":{"start":{"line":25,"column":4},"end":{"line":25,"column":null}},"12":{"start":{"line":26,"column":4},"end":{"line":26,"column":null}},"13":{"start":{"line":27,"column":4},"end":{"line":40,"column":null}},"14":{"start":{"line":28,"column":27},"end":{"line":28,"column":null}},"15":{"start":{"line":29,"column":6},"end":{"line":29,"column":null}},"16":{"start":{"line":30,"column":22},"end":{"line":30,"column":62}},"17":{"start":{"line":32,"column":6},"end":{"line":35,"column":null}},"18":{"start":{"line":37,"column":6},"end":{"line":37,"column":null}},"19":{"start":{"line":39,"column":6},"end":{"line":39,"column":null}},"20":{"start":{"line":43,"column":23},"end":{"line":43,"column":null}},"21":{"start":{"line":44,"column":17},"end":{"line":44,"column":null}},"22":{"start":{"line":45,"column":26},"end":{"line":45,"column":null}},"23":{"start":{"line":164,"column":22},"end":{"line":165,"column":null}}},"fnMap":{"0":{"name":"LoadingCard","decl":{"start":{"line":9,"column":9},"end":{"line":9,"column":null}},"loc":{"start":{"line":9,"column":9},"end":{"line":16,"column":null}}},"1":{"name":"DashboardPage","decl":{"start":{"line":18,"column":24},"end":{"line":18,"column":null}},"loc":{"start":{"line":18,"column":24},"end":{"line":265,"column":null}}},"2":{"name":"(anonymous_4)","decl":{"start":{"line":24,"column":33},"end":{"line":24,"column":null}},"loc":{"start":{"line":24,"column":33},"end":{"line":41,"column":null}}},"3":{"name":"(anonymous_5)","decl":{"start":{"line":163,"column":53},"end":{"line":163,"column":54}},"loc":{"start":{"line":164,"column":22},"end":{"line":165,"column":null}}}},"branchMap":{"0":{"loc":{"start":{"line":37,"column":23},"end":{"line":37,"column":null}},"type":"binary-expr","locations":[{"start":{"line":37,"column":23},"end":{"line":37,"column":36}},{"start":{"line":37,"column":40},"end":{"line":37,"column":null}}]},"1":{"loc":{"start":{"line":57,"column":17},"end":{"line":57,"column":98}},"type":"cond-expr","locations":[{"start":{"line":57,"column":26},"end":{"line":57,"column":52}},{"start":{"line":57,"column":52},"end":{"line":57,"column":98}}]},"2":{"loc":{"start":{"line":74,"column":14},"end":{"line":83,"column":null}},"type":"cond-expr","locations":[{"start":{"line":74,"column":14},"end":{"line":83,"column":null}}]},"3":{"loc":{"start":{"line":87,"column":58},"end":{"line":87,"column":null}},"type":"binary-expr","locations":[{"start":{"line":87,"column":58},"end":{"line":87,"column":84}},{"start":{"line":87,"column":84},"end":{"line":87,"column":null}}]},"4":{"loc":{"start":{"line":94,"column":21},"end":{"line":94,"column":null}},"type":"binary-expr","locations":[{"start":{"line":94,"column":21},"end":{"line":94,"column":53}},{"start":{"line":94,"column":53},"end":{"line":94,"column":null}}]},"5":{"loc":{"start":{"line":102,"column":59},"end":{"line":102,"column":132}},"type":"cond-expr","locations":[{"start":{"line":102,"column":98},"end":{"line":102,"column":115}},{"start":{"line":102,"column":115},"end":{"line":102,"column":132}}]},"6":{"loc":{"start":{"line":102,"column":60},"end":{"line":102,"column":94}},"type":"binary-expr","locations":[{"start":{"line":102,"column":60},"end":{"line":102,"column":89}},{"start":{"line":102,"column":89},"end":{"line":102,"column":94}}]},"7":{"loc":{"start":{"line":103,"column":21},"end":{"line":103,"column":null}},"type":"binary-expr","locations":[{"start":{"line":103,"column":21},"end":{"line":103,"column":50}},{"start":{"line":103,"column":50},"end":{"line":103,"column":null}}]},"8":{"loc":{"start":{"line":110,"column":72},"end":{"line":110,"column":null}},"type":"binary-expr","locations":[{"start":{"line":110,"column":72},"end":{"line":110,"column":101}},{"start":{"line":110,"column":101},"end":{"line":110,"column":null}}]},"9":{"loc":{"start":{"line":117,"column":59},"end":{"line":117,"column":135}},"type":"cond-expr","locations":[{"start":{"line":117,"column":98},"end":{"line":117,"column":117}},{"start":{"line":117,"column":117},"end":{"line":117,"column":135}}]},"10":{"loc":{"start":{"line":117,"column":60},"end":{"line":117,"column":93}},"type":"binary-expr","locations":[{"start":{"line":117,"column":60},"end":{"line":117,"column":87}},{"start":{"line":117,"column":87},"end":{"line":117,"column":93}}]},"11":{"loc":{"start":{"line":118,"column":32},"end":{"line":118,"column":62}},"type":"binary-expr","locations":[{"start":{"line":118,"column":32},"end":{"line":118,"column":59}},{"start":{"line":118,"column":59},"end":{"line":118,"column":62}}]},"12":{"loc":{"start":{"line":126,"column":59},"end":{"line":126,"column":134}},"type":"cond-expr","locations":[{"start":{"line":126,"column":100},"end":{"line":126,"column":117}},{"start":{"line":126,"column":117},"end":{"line":126,"column":134}}]},"13":{"loc":{"start":{"line":126,"column":60},"end":{"line":126,"column":96}},"type":"binary-expr","locations":[{"start":{"line":126,"column":60},"end":{"line":126,"column":91}},{"start":{"line":126,"column":91},"end":{"line":126,"column":96}}]},"14":{"loc":{"start":{"line":127,"column":21},"end":{"line":127,"column":null}},"type":"binary-expr","locations":[{"start":{"line":127,"column":21},"end":{"line":127,"column":52}},{"start":{"line":127,"column":52},"end":{"line":127,"column":null}}]},"15":{"loc":{"start":{"line":141,"column":16},"end":{"line":143,"column":null}},"type":"cond-expr","locations":[{"start":{"line":142,"column":20},"end":{"line":142,"column":null}},{"start":{"line":143,"column":20},"end":{"line":143,"column":null}}]},"16":{"loc":{"start":{"line":146,"column":15},"end":{"line":146,"column":null}},"type":"cond-expr","locations":[{"start":{"line":146,"column":38},"end":{"line":146,"column":65}},{"start":{"line":146,"column":65},"end":{"line":146,"column":null}}]},"17":{"loc":{"start":{"line":148,"column":13},"end":{"line":148,"column":null}},"type":"binary-expr","locations":[{"start":{"line":148,"column":13},"end":{"line":148,"column":null}}]},"18":{"loc":{"start":{"line":160,"column":18},"end":{"line":162,"column":19}},"type":"cond-expr","locations":[{"start":{"line":160,"column":18},"end":{"line":162,"column":19}}]},"19":{"loc":{"start":{"line":159,"column":17},"end":{"line":159,"column":null}},"type":"binary-expr","locations":[{"start":{"line":159,"column":17},"end":{"line":159,"column":31}},{"start":{"line":159,"column":31},"end":{"line":159,"column":42}},{"start":{"line":159,"column":42},"end":{"line":159,"column":null}}]},"20":{"loc":{"start":{"line":167,"column":26},"end":{"line":171,"column":null}},"type":"cond-expr","locations":[{"start":{"line":168,"column":30},"end":{"line":168,"column":null}},{"start":{"line":169,"column":30},"end":{"line":171,"column":null}}]},"21":{"loc":{"start":{"line":169,"column":30},"end":{"line":171,"column":null}},"type":"cond-expr","locations":[{"start":{"line":170,"column":32},"end":{"line":170,"column":null}},{"start":{"line":171,"column":32},"end":{"line":171,"column":null}}]},"22":{"loc":{"start":{"line":175,"column":26},"end":{"line":179,"column":null}},"type":"cond-expr","locations":[{"start":{"line":176,"column":30},"end":{"line":176,"column":null}},{"start":{"line":177,"column":30},"end":{"line":179,"column":null}}]},"23":{"loc":{"start":{"line":177,"column":30},"end":{"line":179,"column":null}},"type":"cond-expr","locations":[{"start":{"line":178,"column":32},"end":{"line":178,"column":null}},{"start":{"line":179,"column":32},"end":{"line":179,"column":null}}]},"24":{"loc":{"start":{"line":185,"column":21},"end":{"line":185,"column":32}},"type":"binary-expr","locations":[{"start":{"line":185,"column":21},"end":{"line":185,"column":32}},{"start":{"line":185,"column":32},"end":{"line":185,"column":null}}]},"25":{"loc":{"start":{"line":200,"column":18},"end":{"line":218,"column":19}},"type":"cond-expr","locations":[{"start":{"line":200,"column":18},"end":{"line":218,"column":19}}]},"26":{"loc":{"start":{"line":211,"column":58},"end":{"line":211,"column":139}},"type":"cond-expr","locations":[{"start":{"line":211,"column":105},"end":{"line":211,"column":122}},{"start":{"line":211,"column":122},"end":{"line":211,"column":139}}]},"27":{"loc":{"start":{"line":228,"column":19},"end":{"line":228,"column":null}},"type":"binary-expr","locations":[{"start":{"line":228,"column":19},"end":{"line":228,"column":39}},{"start":{"line":228,"column":39},"end":{"line":228,"column":null}}]}},"s":{"0":0,"1":0,"2":0,"3":0,"4":0,"5":0,"6":0,"7":0,"8":0,"9":0,"10":0,"11":0,"12":0,"13":0,"14":0,"15":0,"16":0,"17":0,"18":0,"19":0,"20":0,"21":0,"22":0,"23":0},"f":{"0":0,"1":0,"2":0,"3":0},"b":{"0":[0,0],"1":[0,0],"2":[0],"3":[0,0],"4":[0,0],"5":[0,0],"6":[0,0],"7":[0,0],"8":[0,0],"9":[0,0],"10":[0,0],"11":[0,0],"12":[0,0],"13":[0,0],"14":[0,0],"15":[0,0],"16":[0,0],"17":[0],"18":[0],"19":[0,0,0],"20":[0,0],"21":[0,0],"22":[0,0],"23":[0,0],"24":[0,0],"25":[0],"26":[0,0],"27":[0,0]}}
,"/vercel/share/v0-project/frontend/app/demo/page.tsx": {"path":"/vercel/share/v0-project/frontend/app/demo/page.tsx","statementMap":{"0":{"start":{"line":6,"column":24},"end":{"line":6,"column":null}},"1":{"start":{"line":3,"column":17},"end":{"line":3,"column":null}},"2":{"start":{"line":4,"column":25},"end":{"line":4,"column":null}},"3":{"start":{"line":7,"column":38},"end":{"line":7,"column":null}},"4":{"start":{"line":9,"column":20},"end":{"line":129,"column":null}},"5":{"start":{"line":86,"column":16},"end":{"line":86,"column":null}},"6":{"start":{"line":153,"column":18},"end":{"line":154,"column":null}},"7":{"start":{"line":155,"column":35},"end":{"line":155,"column":null}},"8":{"start":{"line":192,"column":33},"end":{"line":192,"column":null}},"9":{"start":{"line":205,"column":20},"end":{"line":206,"column":null}},"10":{"start":{"line":207,"column":37},"end":{"line":207,"column":null}},"11":{"start":{"line":224,"column":35},"end":{"line":224,"column":null}}},"fnMap":{"0":{"name":"DemoPage","decl":{"start":{"line":6,"column":24},"end":{"line":6,"column":null}},"loc":{"start":{"line":6,"column":24},"end":{"line":237,"column":null}}},"1":{"name":"(anonymous_3)","decl":{"start":{"line":85,"column":69},"end":{"line":85,"column":70}},"loc":{"start":{"line":86,"column":16},"end":{"line":86,"column":null}}},"2":{"name":"(anonymous_4)","decl":{"start":{"line":152,"column":31},"end":{"line":152,"column":32}},"loc":{"start":{"line":153,"column":18},"end":{"line":154,"column":null}}},"3":{"name":"(anonymous_5)","decl":{"start":{"line":155,"column":29},"end":{"line":155,"column":35}},"loc":{"start":{"line":155,"column":35},"end":{"line":155,"column":null}}},"4":{"name":"(anonymous_6)","decl":{"start":{"line":192,"column":27},"end":{"line":192,"column":33}},"loc":{"start":{"line":192,"column":33},"end":{"line":192,"column":null}}},"5":{"name":"(anonymous_7)","decl":{"start":{"line":204,"column":33},"end":{"line":204,"column":34}},"loc":{"start":{"line":205,"column":20},"end":{"line":206,"column":null}}},"6":{"name":"(anonymous_8)","decl":{"start":{"line":207,"column":31},"end":{"line":207,"column":37}},"loc":{"start":{"line":207,"column":37},"end":{"line":207,"column":null}}},"7":{"name":"(anonymous_9)","decl":{"start":{"line":224,"column":29},"end":{"line":224,"column":35}},"loc":{"start":{"line":224,"column":35},"end":{"line":224,"column":null}}}},"branchMap":{"0":{"loc":{"start":{"line":88,"column":37},"end":{"line":88,"column":78}},"type":"cond-expr","locations":[{"start":{"line":88,"column":47},"end":{"line":88,"column":64}},{"start":{"line":88,"column":64},"end":{"line":88,"column":78}}]},"1":{"loc":{"start":{"line":157,"column":22},"end":{"line":159,"column":null}},"type":"cond-expr","locations":[{"start":{"line":158,"column":26},"end":{"line":158,"column":null}},{"start":{"line":159,"column":26},"end":{"line":159,"column":null}}]},"2":{"loc":{"start":{"line":164,"column":24},"end":{"line":164,"column":null}},"type":"cond-expr","locations":[{"start":{"line":164,"column":45},"end":{"line":164,"column":72}},{"start":{"line":164,"column":72},"end":{"line":164,"column":null}}]},"3":{"loc":{"start":{"line":195,"column":20},"end":{"line":197,"column":null}},"type":"cond-expr","locations":[{"start":{"line":196,"column":24},"end":{"line":196,"column":null}},{"start":{"line":197,"column":24},"end":{"line":197,"column":null}}]},"4":{"loc":{"start":{"line":209,"column":24},"end":{"line":209,"column":null}},"type":"cond-expr","locations":[{"start":{"line":209,"column":45},"end":{"line":209,"column":65}},{"start":{"line":209,"column":65},"end":{"line":209,"column":null}}]},"5":{"loc":{"start":{"line":216,"column":18},"end":{"line":223,"column":19}},"type":"cond-expr","locations":[{"start":{"line":216,"column":18},"end":{"line":223,"column":19}}]}},"s":{"0":0,"1":0,"2":0,"3":0,"4":0,"5":0,"6":0,"7":0,"8":0,"9":0,"10":0,"11":0},"f":{"0":0,"1":0,"2":0,"3":0,"4":0,"5":0,"6":0,"7":0},"b":{"0":[0,0],"1":[0,0],"2":[0,0],"3":[0,0],"4":[0,0],"5":[0]}}
,"/vercel/share/v0-project/frontend/app/get-started/page.tsx": {"path":"/vercel/share/v0-project/frontend/app/get-started/page.tsx","statementMap":{"0":{"start":{"line":3,"column":24},"end":{"line":3,"column":null}},"1":{"start":{"line":1,"column":17},"end":{"line":1,"column":null}}},"fnMap":{"0":{"name":"GetStartedPage","decl":{"start":{"line":3,"column":24},"end":{"line":3,"column":null}},"loc":{"start":{"line":3,"column":24},"end":{"line":22,"column":null}}}},"branchMap":{},"s":{"0":0,"1":0},"f":{"0":0},"b":{}}
,"/vercel/share/v0-project/frontend/app/login/page.tsx": {"path":"/vercel/share/v0-project/frontend/app/login/page.tsx","statementMap":{"0":{"start":{"line":8,"column":24},"end":{"line":8,"column":null}},"1":{"start":{"line":3,"column":25},"end":{"line":3,"column":null}},"2":{"start":{"line":4,"column":26},"end":{"line":4,"column":null}},"3":{"start":{"line":5,"column":17},"end":{"line":5,"column":null}},"4":{"start":{"line":6,"column":24},"end":{"line":6,"column":null}},"5":{"start":{"line":9,"column":17},"end":{"line":9,"column":null}},"6":{"start":{"line":10,"column":35},"end":{"line":10,"column":null}},"7":{"start":{"line":11,"column":36},"end":{"line":11,"column":null}},"8":{"start":{"line":12,"column":36},"end":{"line":12,"column":null}},"9":{"start":{"line":13,"column":38},"end":{"line":13,"column":null}},"10":{"start":{"line":16,"column":38},"end":{"line":16,"column":null}},"11":{"start":{"line":17,"column":44},"end":{"line":17,"column":null}},"12":{"start":{"line":20,"column":40},"end":{"line":20,"column":null}},"13":{"start":{"line":21,"column":48},"end":{"line":21,"column":null}},"14":{"start":{"line":22,"column":46},"end":{"line":22,"column":null}},"15":{"start":{"line":23,"column":46},"end":{"line":23,"column":null}},"16":{"start":{"line":24,"column":40},"end":{"line":24,"column":null}},"17":{"start":{"line":25,"column":44},"end":{"line":25,"column":null}},"18":{"start":{"line":26,"column":44},"end":{"line":26,"column":null}},"19":{"start":{"line":28,"column":22},"end":{"line":41,"column":null}},"20":{"start":{"line":29,"column":4},"end":{"line":29,"column":null}},"21":{"start":{"line":30,"column":4},"end":{"line":30,"column":null}},"22":{"start":{"line":31,"column":4},"end":{"line":31,"column":null}},"23":{"start":{"line":33,"column":4},"end":{"line":40,"column":null}},"24":{"start":{"line":34,"column":6},"end":{"line":34,"column":null}},"25":{"start":{"line":35,"column":6},"end":{"line":35,"column":null}},"26":{"start":{"line":37,"column":6},"end":{"line":37,"column":null}},"27":{"start":{"line":39,"column":6},"end":{"line":39,"column":null}},"28":{"start":{"line":43,"column":23},"end":{"line":73,"column":null}},"29":{"start":{"line":44,"column":4},"end":{"line":44,"column":null}},"30":{"start":{"line":45,"column":4},"end":{"line":45,"column":null}},"31":{"start":{"line":46,"column":4},"end":{"line":46,"column":null}},"32":{"start":{"line":48,"column":4},"end":{"line":72,"column":null}},"33":{"start":{"line":49,"column":6},"end":{"line":49,"column":null}},"34":{"start":{"line":51,"column":6},"end":{"line":51,"column":null}},"35":{"start":{"line":52,"column":6},"end":{"line":52,"column":null}},"36":{"start":{"line":54,"column":6},"end":{"line":54,"column":null}},"37":{"start":{"line":55,"column":6},"end":{"line":55,"column":null}},"38":{"start":{"line":56,"column":6},"end":{"line":56,"column":null}},"39":{"start":{"line":57,"column":6},"end":{"line":57,"column":null}},"40":{"start":{"line":58,"column":6},"end":{"line":58,"column":null}},"41":{"start":{"line":59,"column":6},"end":{"line":59,"column":null}},"42":{"start":{"line":61,"column":6},"end":{"line":61,"column":null}},"43":{"start":{"line":63,"column":6},"end":{"line":63,"column":null}},"44":{"start":{"line":64,"column":23},"end":{"line":68,"column":null}},"45":{"start":{"line":69,"column":6},"end":{"line":69,"column":null}},"46":{"start":{"line":71,"column":6},"end":{"line":71,"column":null}},"47":{"start":{"line":75,"column":23},"end":{"line":75,"column":null}},"48":{"start":{"line":89,"column":27},"end":{"line":89,"column":null}},"49":{"start":{"line":99,"column":27},"end":{"line":99,"column":null}},"50":{"start":{"line":132,"column":33},"end":{"line":132,"column":null}},"51":{"start":{"line":144,"column":33},"end":{"line":144,"column":null}},"52":{"start":{"line":173,"column":33},"end":{"line":173,"column":null}},"53":{"start":{"line":186,"column":35},"end":{"line":186,"column":null}},"54":{"start":{"line":197,"column":35},"end":{"line":197,"column":null}},"55":{"start":{"line":210,"column":33},"end":{"line":210,"column":null}},"56":{"start":{"line":222,"column":33},"end":{"line":222,"column":null}},"57":{"start":{"line":233,"column":33},"end":{"line":233,"column":null}}},"fnMap":{"0":{"name":"LoginPage","decl":{"start":{"line":8,"column":24},"end":{"line":8,"column":null}},"loc":{"start":{"line":8,"column":24},"end":{"line":265,"column":null}}},"1":{"name":"(anonymous_3)","decl":{"start":{"line":28,"column":22},"end":{"line":28,"column":29}},"loc":{"start":{"line":28,"column":29},"end":{"line":41,"column":null}}},"2":{"name":"(anonymous_4)","decl":{"start":{"line":43,"column":23},"end":{"line":43,"column":30}},"loc":{"start":{"line":43,"column":30},"end":{"line":73,"column":null}}},"3":{"name":"(anonymous_5)","decl":{"start":{"line":89,"column":21},"end":{"line":89,"column":27}},"loc":{"start":{"line":89,"column":27},"end":{"line":89,"column":null}}},"4":{"name":"(anonymous_6)","decl":{"start":{"line":99,"column":21},"end":{"line":99,"column":27}},"loc":{"start":{"line":99,"column":27},"end":{"line":99,"column":null}}},"5":{"name":"(anonymous_7)","decl":{"start":{"line":132,"column":26},"end":{"line":132,"column":27}},"loc":{"start":{"line":132,"column":33},"end":{"line":132,"column":null}}},"6":{"name":"(anonymous_8)","decl":{"start":{"line":144,"column":26},"end":{"line":144,"column":27}},"loc":{"start":{"line":144,"column":33},"end":{"line":144,"column":null}}},"7":{"name":"(anonymous_9)","decl":{"start":{"line":173,"column":26},"end":{"line":173,"column":27}},"loc":{"start":{"line":173,"column":33},"end":{"line":173,"column":null}}},"8":{"name":"(anonymous_10)","decl":{"start":{"line":186,"column":28},"end":{"line":186,"column":29}},"loc":{"start":{"line":186,"column":35},"end":{"line":186,"column":null}}},"9":{"name":"(anonymous_11)","decl":{"start":{"line":197,"column":28},"end":{"line":197,"column":29}},"loc":{"start":{"line":197,"column":35},"end":{"line":197,"column":null}}},"10":{"name":"(anonymous_12)","decl":{"start":{"line":210,"column":26},"end":{"line":210,"column":27}},"loc":{"start":{"line":210,"column":33},"end":{"line":210,"column":null}}},"11":{"name":"(anonymous_13)","decl":{"start":{"line":222,"column":26},"end":{"line":222,"column":27}},"loc":{"start":{"line":222,"column":33},"end":{"line":222,"column":null}}},"12":{"name":"(anonymous_14)","decl":{"start":{"line":233,"column":26},"end":{"line":233,"column":27}},"loc":{"start":{"line":233,"column":33},"end":{"line":233,"column":null}}}},"branchMap":{"0":{"loc":{"start":{"line":37,"column":20},"end":{"line":37,"column":null}},"type":"binary-expr","locations":[{"start":{"line":37,"column":20},"end":{"line":37,"column":50}},{"start":{"line":37,"column":50},"end":{"line":37,"column":null}}]},"1":{"loc":{"start":{"line":64,"column":23},"end":{"line":68,"column":null}},"type":"binary-expr","locations":[{"start":{"line":64,"column":23},"end":{"line":64,"column":null}},{"start":{"line":65,"column":22},"end":{"line":65,"column":52}},{"start":{"line":66,"column":22},"end":{"line":66,"column":64}},{"start":{"line":67,"column":22},"end":{"line":67,"column":33}},{"start":{"line":68,"column":22},"end":{"line":68,"column":null}}]},"2":{"loc":{"start":{"line":75,"column":23},"end":{"line":75,"column":null}},"type":"binary-expr","locations":[{"start":{"line":75,"column":23},"end":{"line":75,"column":37}},{"start":{"line":75,"column":37},"end":{"line":75,"column":null}}]},"3":{"loc":{"start":{"line":91,"column":14},"end":{"line":93,"column":null}},"type":"cond-expr","locations":[{"start":{"line":92,"column":18},"end":{"line":92,"column":null}},{"start":{"line":93,"column":18},"end":{"line":93,"column":null}}]},"4":{"loc":{"start":{"line":101,"column":14},"end":{"line":103,"column":null}},"type":"cond-expr","locations":[{"start":{"line":102,"column":18},"end":{"line":102,"column":null}},{"start":{"line":103,"column":18},"end":{"line":103,"column":null}}]},"5":{"loc":{"start":{"line":111,"column":9},"end":{"line":111,"column":null}},"type":"binary-expr","locations":[{"start":{"line":111,"column":9},"end":{"line":111,"column":null}}]},"6":{"loc":{"start":{"line":118,"column":9},"end":{"line":118,"column":null}},"type":"binary-expr","locations":[{"start":{"line":118,"column":9},"end":{"line":118,"column":null}}]},"7":{"loc":{"start":{"line":125,"column":9},"end":{"line":125,"column":null}},"type":"binary-expr","locations":[{"start":{"line":125,"column":9},"end":{"line":125,"column":null}}]},"8":{"loc":{"start":{"line":155,"column":16},"end":{"line":157,"column":null}},"type":"cond-expr","locations":[{"start":{"line":156,"column":20},"end":{"line":156,"column":null}},{"start":{"line":157,"column":20},"end":{"line":157,"column":null}}]},"9":{"loc":{"start":{"line":160,"column":15},"end":{"line":160,"column":null}},"type":"cond-expr","locations":[{"start":{"line":160,"column":27},"end":{"line":160,"column":45}},{"start":{"line":160,"column":45},"end":{"line":160,"column":null}}]},"10":{"loc":{"start":{"line":166,"column":9},"end":{"line":166,"column":null}},"type":"binary-expr","locations":[{"start":{"line":166,"column":9},"end":{"line":166,"column":null}}]},"11":{"loc":{"start":{"line":246,"column":16},"end":{"line":248,"column":null}},"type":"cond-expr","locations":[{"start":{"line":247,"column":20},"end":{"line":247,"column":null}},{"start":{"line":248,"column":20},"end":{"line":248,"column":null}}]},"12":{"loc":{"start":{"line":251,"column":15},"end":{"line":251,"column":null}},"type":"cond-expr","locations":[{"start":{"line":251,"column":27},"end":{"line":251,"column":51}},{"start":{"line":251,"column":51},"end":{"line":251,"column":null}}]}},"s":{"0":0,"1":0,"2":0,"3":0,"4":0,"5":0,"6":0,"7":0,"8":0,"9":0,"10":0,"11":0,"12":0,"13":0,"14":0,"15":0,"16":0,"17":0,"18":0,"19":0,"20":0,"21":0,"22":0,"23":0,"24":0,"25":0,"26":0,"27":0,"28":0,"29":0,"30":0,"31":0,"32":0,"33":0,"34":0,"35":0,"36":0,"37":0,"38":0,"39":0,"40":0,"41":0,"42":0,"43":0,"44":0,"45":0,"46":0,"47":0,"48":0,"49":0,"50":0,"51":0,"52":0,"53":0,"54":0,"55":0,"56":0,"57":0},"f":{"0":0,"1":0,"2":0,"3":0,"4":0,"5":0,"6":0,"7":0,"8":0,"9":0,"10":0,"11":0,"12":0},"b":{"0":[0,0],"1":[0,0,0,0,0],"2":[0,0],"3":[0,0],"4":[0,0],"5":[0],"6":[0],"7":[0],"8":[0,0],"9":[0,0],"10":[0],"11":[0,0],"12":[0,0]}}
,"/vercel/share/v0-project/frontend/app/members/page.tsx": {"path":"/vercel/share/v0-project/frontend/app/members/page.tsx","statementMap":{"0":{"start":{"line":12,"column":24},"end":{"line":12,"column":null}},"1":{"start":{"line":3,"column":25},"end":{"line":3,"column":null}},"2":{"start":{"line":4,"column":27},"end":{"line":4,"column":null}},"3":{"start":{"line":5,"column":23},"end":{"line":5,"column":null}},"4":{"start":{"line":6,"column":27},"end":{"line":6,"column":null}},"5":{"start":{"line":7,"column":26},"end":{"line":7,"column":null}},"6":{"start":{"line":9,"column":27},"end":{"line":9,"column":null}},"7":{"start":{"line":10,"column":31},"end":{"line":10,"column":null}},"8":{"start":{"line":13,"column":82},"end":{"line":13,"column":null}},"9":{"start":{"line":14,"column":21},"end":{"line":14,"column":null}},"10":{"start":{"line":15,"column":42},"end":{"line":15,"column":null}},"11":{"start":{"line":16,"column":46},"end":{"line":16,"column":null}},"12":{"start":{"line":17,"column":50},"end":{"line":17,"column":null}},"13":{"start":{"line":19,"column":26},"end":{"line":26,"column":null}},"14":{"start":{"line":20,"column":4},"end":{"line":25,"column":null}},"15":{"start":{"line":21,"column":6},"end":{"line":21,"column":null}},"16":{"start":{"line":22,"column":6},"end":{"line":22,"column":null}},"17":{"start":{"line":24,"column":6},"end":{"line":24,"column":null}},"18":{"start":{"line":28,"column":27},"end":{"line":34,"column":null}},"19":{"start":{"line":29,"column":4},"end":{"line":33,"column":null}},"20":{"start":{"line":30,"column":6},"end":{"line":30,"column":null}},"21":{"start":{"line":32,"column":6},"end":{"line":32,"column":null}},"22":{"start":{"line":36,"column":29},"end":{"line":44,"column":null}},"23":{"start":{"line":37,"column":4},"end":{"line":43,"column":null}},"24":{"start":{"line":38,"column":6},"end":{"line":42,"column":null}},"25":{"start":{"line":39,"column":8},"end":{"line":39,"column":null}},"26":{"start":{"line":41,"column":8},"end":{"line":41,"column":null}},"27":{"start":{"line":59,"column":29},"end":{"line":59,"column":null}},"28":{"start":{"line":97,"column":22},"end":{"line":97,"column":42}},"29":{"start":{"line":105,"column":32},"end":{"line":106,"column":null}},"30":{"start":{"line":147,"column":30},"end":{"line":147,"column":null}},"31":{"start":{"line":148,"column":30},"end":{"line":148,"column":null}},"32":{"start":{"line":155,"column":43},"end":{"line":155,"column":null}},"33":{"start":{"line":174,"column":27},"end":{"line":174,"column":null}},"34":{"start":{"line":183,"column":14},"end":{"line":183,"column":null}},"35":{"start":{"line":184,"column":14},"end":{"line":184,"column":null}}},"fnMap":{"0":{"name":"MembersPage","decl":{"start":{"line":12,"column":24},"end":{"line":12,"column":null}},"loc":{"start":{"line":12,"column":24},"end":{"line":191,"column":null}}},"1":{"name":"(anonymous_3)","decl":{"start":{"line":19,"column":26},"end":{"line":19,"column":33}},"loc":{"start":{"line":19,"column":33},"end":{"line":26,"column":null}}},"2":{"name":"(anonymous_4)","decl":{"start":{"line":28,"column":27},"end":{"line":28,"column":34}},"loc":{"start":{"line":28,"column":52},"end":{"line":34,"column":null}}},"3":{"name":"(anonymous_5)","decl":{"start":{"line":36,"column":29},"end":{"line":36,"column":36}},"loc":{"start":{"line":36,"column":36},"end":{"line":44,"column":null}}},"4":{"name":"(anonymous_6)","decl":{"start":{"line":59,"column":23},"end":{"line":59,"column":29}},"loc":{"start":{"line":59,"column":29},"end":{"line":59,"column":null}}},"5":{"name":"(anonymous_7)","decl":{"start":{"line":96,"column":33},"end":{"line":96,"column":34}},"loc":{"start":{"line":97,"column":22},"end":{"line":97,"column":42}}},"6":{"name":"(anonymous_8)","decl":{"start":{"line":104,"column":67},"end":{"line":104,"column":68}},"loc":{"start":{"line":105,"column":32},"end":{"line":106,"column":null}}},"7":{"name":"(anonymous_9)","decl":{"start":{"line":146,"column":37},"end":{"line":146,"column":null}},"loc":{"start":{"line":146,"column":37},"end":{"line":149,"column":null}}},"8":{"name":"(anonymous_10)","decl":{"start":{"line":155,"column":37},"end":{"line":155,"column":43}},"loc":{"start":{"line":155,"column":43},"end":{"line":155,"column":null}}},"9":{"name":"(anonymous_11)","decl":{"start":{"line":174,"column":21},"end":{"line":174,"column":27}},"loc":{"start":{"line":174,"column":27},"end":{"line":174,"column":null}}},"10":{"name":"(anonymous_12)","decl":{"start":{"line":182,"column":21},"end":{"line":182,"column":null}},"loc":{"start":{"line":182,"column":21},"end":{"line":185,"column":null}}}},"branchMap":{"0":{"loc":{"start":{"line":37,"column":4},"end":{"line":43,"column":null}},"type":"if","locations":[{"start":{"line":37,"column":4},"end":{"line":43,"column":null}},{"start":{},"end":{}}]},"1":{"loc":{"start":{"line":67,"column":11},"end":{"line":67,"column":null}},"type":"binary-expr","locations":[{"start":{"line":67,"column":11},"end":{"line":67,"column":null}}]},"2":{"loc":{"start":{"line":76,"column":14},"end":{"line":77,"column":24}},"type":"cond-expr","locations":[{"start":{"line":76,"column":14},"end":{"line":77,"column":24}}]},"3":{"loc":{"start":{"line":78,"column":14},"end":{"line":82,"column":15}},"type":"cond-expr","locations":[{"start":{"line":78,"column":14},"end":{"line":82,"column":15}}]},"4":{"loc":{"start":{"line":98,"column":71},"end":{"line":98,"column":133}},"type":"binary-expr","locations":[{"start":{"line":98,"column":71},"end":{"line":98,"column":87}},{"start":{"line":98,"column":91},"end":{"line":98,"column":133}}]},"5":{"loc":{"start":{"line":100,"column":73},"end":{"line":100,"column":null}},"type":"binary-expr","locations":[{"start":{"line":100,"column":73},"end":{"line":100,"column":92}},{"start":{"line":100,"column":96},"end":{"line":100,"column":null}}]},"6":{"loc":{"start":{"line":104,"column":30},"end":{"line":106,"column":null}},"type":"cond-expr","locations":[{"start":{"line":104,"column":30},"end":{"line":106,"column":null}}]},"7":{"loc":{"start":{"line":103,"column":29},"end":{"line":103,"column":null}},"type":"binary-expr","locations":[{"start":{"line":103,"column":29},"end":{"line":103,"column":49}},{"start":{"line":103,"column":53},"end":{"line":103,"column":null}}]},"8":{"loc":{"start":{"line":115,"column":29},"end":{"line":115,"column":49}},"type":"binary-expr","locations":[{"start":{"line":115,"column":29},"end":{"line":115,"column":49}},{"start":{"line":115,"column":53},"end":{"line":115,"column":null}}]},"9":{"loc":{"start":{"line":125,"column":30},"end":{"line":129,"column":null}},"type":"cond-expr","locations":[{"start":{"line":126,"column":34},"end":{"line":126,"column":null}},{"start":{"line":127,"column":34},"end":{"line":129,"column":null}}]},"10":{"loc":{"start":{"line":127,"column":34},"end":{"line":129,"column":null}},"type":"cond-expr","locations":[{"start":{"line":128,"column":36},"end":{"line":128,"column":null}},{"start":{"line":129,"column":36},"end":{"line":129,"column":null}}]},"11":{"loc":{"start":{"line":137,"column":28},"end":{"line":141,"column":29}},"type":"cond-expr","locations":[{"start":{"line":137,"column":28},"end":{"line":141,"column":29}}]},"12":{"loc":{"start":{"line":171,"column":9},"end":{"line":171,"column":null}},"type":"binary-expr","locations":[{"start":{"line":171,"column":9},"end":{"line":171,"column":null}}]},"13":{"loc":{"start":{"line":179,"column":9},"end":{"line":179,"column":29}},"type":"binary-expr","locations":[{"start":{"line":179,"column":9},"end":{"line":179,"column":29}},{"start":{"line":179,"column":29},"end":{"line":179,"column":null}}]}},"s":{"0":0,"1":0,"2":0,"3":0,"4":0,"5":0,"6":0,"7":0,"8":0,"9":0,"10":0,"11":0,"12":0,"13":0,"14":0,"15":0,"16":0,"17":0,"18":0,"19":0,"20":0,"21":0,"22":0,"23":0,"24":0,"25":0,"26":0,"27":0,"28":0,"29":0,"30":0,"31":0,"32":0,"33":0,"34":0,"35":0},"f":{"0":0,"1":0,"2":0,"3":0,"4":0,"5":0,"6":0,"7":0,"8":0,"9":0,"10":0},"b":{"0":[0,0],"1":[0],"2":[0],"3":[0],"4":[0,0],"5":[0,0],"6":[0],"7":[0,0],"8":[0,0],"9":[0,0],"10":[0,0],"11":[0],"12":[0],"13":[0,0]}}
,"/vercel/share/v0-project/frontend/app/roles/page.tsx": {"path":"/vercel/share/v0-project/frontend/app/roles/page.tsx","statementMap":{"0":{"start":{"line":22,"column":24},"end":{"line":22,"column":null}},"1":{"start":{"line":3,"column":25},"end":{"line":3,"column":null}},"2":{"start":{"line":4,"column":27},"end":{"line":4,"column":null}},"3":{"start":{"line":5,"column":23},"end":{"line":5,"column":null}},"4":{"start":{"line":6,"column":25},"end":{"line":6,"column":null}},"5":{"start":{"line":7,"column":26},"end":{"line":7,"column":null}},"6":{"start":{"line":8,"column":25},"end":{"line":8,"column":null}},"7":{"start":{"line":11,"column":2},"end":{"line":11,"column":null}},"8":{"start":{"line":11,"column":21},"end":{"line":11,"column":null}},"9":{"start":{"line":12,"column":2},"end":{"line":12,"column":null}},"10":{"start":{"line":12,"column":21},"end":{"line":12,"column":null}},"11":{"start":{"line":13,"column":2},"end":{"line":13,"column":null}},"12":{"start":{"line":17,"column":2},"end":{"line":17,"column":null}},"13":{"start":{"line":17,"column":21},"end":{"line":17,"column":null}},"14":{"start":{"line":18,"column":2},"end":{"line":18,"column":null}},"15":{"start":{"line":18,"column":21},"end":{"line":18,"column":null}},"16":{"start":{"line":19,"column":2},"end":{"line":19,"column":null}},"17":{"start":{"line":23,"column":102},"end":{"line":23,"column":null}},"18":{"start":{"line":24,"column":21},"end":{"line":24,"column":null}},"19":{"start":{"line":25,"column":42},"end":{"line":25,"column":null}},"20":{"start":{"line":27,"column":24},"end":{"line":34,"column":null}},"21":{"start":{"line":28,"column":4},"end":{"line":33,"column":null}},"22":{"start":{"line":29,"column":6},"end":{"line":29,"column":null}},"23":{"start":{"line":30,"column":6},"end":{"line":30,"column":null}},"24":{"start":{"line":32,"column":6},"end":{"line":32,"column":null}},"25":{"start":{"line":36,"column":27},"end":{"line":44,"column":null}},"26":{"start":{"line":37,"column":4},"end":{"line":43,"column":null}},"27":{"start":{"line":38,"column":6},"end":{"line":42,"column":null}},"28":{"start":{"line":39,"column":8},"end":{"line":39,"column":null}},"29":{"start":{"line":41,"column":8},"end":{"line":41,"column":null}},"30":{"start":{"line":56,"column":29},"end":{"line":56,"column":null}},"31":{"start":{"line":95,"column":41},"end":{"line":95,"column":null}},"32":{"start":{"line":96,"column":45},"end":{"line":96,"column":null}},"33":{"start":{"line":97,"column":43},"end":{"line":97,"column":null}},"34":{"start":{"line":99,"column":22},"end":{"line":100,"column":42}},"35":{"start":{"line":148,"column":45},"end":{"line":148,"column":null}},"36":{"start":{"line":168,"column":27},"end":{"line":168,"column":null}}},"fnMap":{"0":{"name":"getPriorityColor","decl":{"start":{"line":10,"column":9},"end":{"line":10,"column":26}},"loc":{"start":{"line":10,"column":42},"end":{"line":14,"column":null}}},"1":{"name":"getPriorityLabel","decl":{"start":{"line":16,"column":9},"end":{"line":16,"column":26}},"loc":{"start":{"line":16,"column":42},"end":{"line":20,"column":null}}},"2":{"name":"RolesPage","decl":{"start":{"line":22,"column":24},"end":{"line":22,"column":null}},"loc":{"start":{"line":22,"column":24},"end":{"line":175,"column":null}}},"3":{"name":"(anonymous_5)","decl":{"start":{"line":27,"column":24},"end":{"line":27,"column":31}},"loc":{"start":{"line":27,"column":31},"end":{"line":34,"column":null}}},"4":{"name":"(anonymous_6)","decl":{"start":{"line":36,"column":27},"end":{"line":36,"column":34}},"loc":{"start":{"line":36,"column":34},"end":{"line":44,"column":null}}},"5":{"name":"(anonymous_7)","decl":{"start":{"line":56,"column":23},"end":{"line":56,"column":29}},"loc":{"start":{"line":56,"column":29},"end":{"line":56,"column":null}}},"6":{"name":"(anonymous_8)","decl":{"start":{"line":94,"column":31},"end":{"line":94,"column":32}},"loc":{"start":{"line":94,"column":32},"end":{"line":156,"column":null}}},"7":{"name":"(anonymous_9)","decl":{"start":{"line":148,"column":39},"end":{"line":148,"column":45}},"loc":{"start":{"line":148,"column":45},"end":{"line":148,"column":null}}},"8":{"name":"(anonymous_10)","decl":{"start":{"line":168,"column":21},"end":{"line":168,"column":27}},"loc":{"start":{"line":168,"column":27},"end":{"line":168,"column":null}}}},"branchMap":{"0":{"loc":{"start":{"line":11,"column":2},"end":{"line":11,"column":null}},"type":"if","locations":[{"start":{"line":11,"column":2},"end":{"line":11,"column":null}},{"start":{},"end":{}}]},"1":{"loc":{"start":{"line":12,"column":2},"end":{"line":12,"column":null}},"type":"if","locations":[{"start":{"line":12,"column":2},"end":{"line":12,"column":null}},{"start":{},"end":{}}]},"2":{"loc":{"start":{"line":17,"column":2},"end":{"line":17,"column":null}},"type":"if","locations":[{"start":{"line":17,"column":2},"end":{"line":17,"column":null}},{"start":{},"end":{}}]},"3":{"loc":{"start":{"line":18,"column":2},"end":{"line":18,"column":null}},"type":"if","locations":[{"start":{"line":18,"column":2},"end":{"line":18,"column":null}},{"start":{},"end":{}}]},"4":{"loc":{"start":{"line":37,"column":4},"end":{"line":43,"column":null}},"type":"if","locations":[{"start":{"line":37,"column":4},"end":{"line":43,"column":null}},{"start":{},"end":{}}]},"5":{"loc":{"start":{"line":64,"column":11},"end":{"line":64,"column":null}},"type":"binary-expr","locations":[{"start":{"line":64,"column":11},"end":{"line":64,"column":null}}]},"6":{"loc":{"start":{"line":73,"column":14},"end":{"line":74,"column":22}},"type":"cond-expr","locations":[{"start":{"line":73,"column":14},"end":{"line":74,"column":22}}]},"7":{"loc":{"start":{"line":75,"column":14},"end":{"line":79,"column":15}},"type":"cond-expr","locations":[{"start":{"line":75,"column":14},"end":{"line":79,"column":15}}]},"8":{"loc":{"start":{"line":97,"column":43},"end":{"line":97,"column":null}},"type":"binary-expr","locations":[{"start":{"line":97,"column":43},"end":{"line":97,"column":67}},{"start":{"line":97,"column":71},"end":{"line":97,"column":null}}]},"9":{"loc":{"start":{"line":103,"column":29},"end":{"line":103,"column":null}},"type":"cond-expr","locations":[{"start":{"line":103,"column":51},"end":{"line":103,"column":75}},{"start":{"line":103,"column":78},"end":{"line":103,"column":null}}]},"10":{"loc":{"start":{"line":109,"column":32},"end":{"line":111,"column":null}},"type":"cond-expr","locations":[{"start":{"line":110,"column":36},"end":{"line":110,"column":null}},{"start":{"line":111,"column":36},"end":{"line":111,"column":null}}]},"11":{"loc":{"start":{"line":120,"column":32},"end":{"line":124,"column":null}},"type":"cond-expr","locations":[{"start":{"line":121,"column":36},"end":{"line":121,"column":null}},{"start":{"line":122,"column":36},"end":{"line":124,"column":null}}]},"12":{"loc":{"start":{"line":122,"column":36},"end":{"line":124,"column":null}},"type":"cond-expr","locations":[{"start":{"line":123,"column":38},"end":{"line":123,"column":null}},{"start":{"line":124,"column":38},"end":{"line":124,"column":null}}]},"13":{"loc":{"start":{"line":165,"column":9},"end":{"line":165,"column":null}},"type":"binary-expr","locations":[{"start":{"line":165,"column":9},"end":{"line":165,"column":null}}]}},"s":{"0":0,"1":0,"2":0,"3":0,"4":0,"5":0,"6":0,"7":0,"8":0,"9":0,"10":0,"11":0,"12":0,"13":0,"14":0,"15":0,"16":0,"17":0,"18":0,"19":0,"20":0,"21":0,"22":0,"23":0,"24":0,"25":0,"26":0,"27":0,"28":0,"29":0,"30":0,"31":0,"32":0,"33":0,"34":0,"35":0,"36":0},"f":{"0":0,"1":0,"2":0,"3":0,"4":0,"5":0,"6":0,"7":0,"8":0},"b":{"0":[0,0],"1":[0,0],"2":[0,0],"3":[0,0],"4":[0,0],"5":[0],"6":[0],"7":[0],"8":[0,0],"9":[0,0],"10":[0,0],"11":[0,0],"12":[0,0],"13":[0]}}
,"/vercel/share/v0-project/frontend/app/schedules/page.tsx": {"path":"/vercel/share/v0-project/frontend/app/schedules/page.tsx","statementMap":{"0":{"start":{"line":26,"column":24},"end":{"line":26,"column":null}},"1":{"start":{"line":3,"column":25},"end":{"line":3,"column":null}},"2":{"start":{"line":4,"column":17},"end":{"line":4,"column":null}},"3":{"start":{"line":5,"column":27},"end":{"line":5,"column":null}},"4":{"start":{"line":6,"column":23},"end":{"line":6,"column":null}},"5":{"start":{"line":7,"column":29},"end":{"line":7,"column":null}},"6":{"start":{"line":10,"column":2},"end":{"line":23,"column":null}},"7":{"start":{"line":12,"column":6},"end":{"line":12,"column":null}},"8":{"start":{"line":14,"column":6},"end":{"line":14,"column":null}},"9":{"start":{"line":16,"column":6},"end":{"line":16,"column":null}},"10":{"start":{"line":18,"column":6},"end":{"line":18,"column":null}},"11":{"start":{"line":20,"column":6},"end":{"line":20,"column":null}},"12":{"start":{"line":22,"column":6},"end":{"line":22,"column":null}},"13":{"start":{"line":35,"column":6},"end":{"line":35,"column":null}},"14":{"start":{"line":37,"column":50},"end":{"line":37,"column":null}},"15":{"start":{"line":39,"column":32},"end":{"line":45,"column":null}},"16":{"start":{"line":40,"column":4},"end":{"line":44,"column":null}},"17":{"start":{"line":41,"column":6},"end":{"line":41,"column":null}},"18":{"start":{"line":43,"column":6},"end":{"line":43,"column":null}},"19":{"start":{"line":47,"column":29},"end":{"line":53,"column":null}},"20":{"start":{"line":48,"column":4},"end":{"line":52,"column":null}},"21":{"start":{"line":49,"column":6},"end":{"line":49,"column":null}},"22":{"start":{"line":51,"column":6},"end":{"line":51,"column":null}},"23":{"start":{"line":102,"column":16},"end":{"line":102,"column":39}},"24":{"start":{"line":104,"column":35},"end":{"line":104,"column":null}},"25":{"start":{"line":132,"column":30},"end":{"line":132,"column":45}},"26":{"start":{"line":158,"column":45},"end":{"line":158,"column":null}},"27":{"start":{"line":174,"column":43},"end":{"line":174,"column":null}},"28":{"start":{"line":183,"column":43},"end":{"line":183,"column":null}}},"fnMap":{"0":{"name":"getStatusColor","decl":{"start":{"line":9,"column":9},"end":{"line":9,"column":24}},"loc":{"start":{"line":9,"column":38},"end":{"line":24,"column":null}}},"1":{"name":"SchedulesPage","decl":{"start":{"line":26,"column":24},"end":{"line":26,"column":null}},"loc":{"start":{"line":26,"column":24},"end":{"line":204,"column":null}}},"2":{"name":"(anonymous_4)","decl":{"start":{"line":39,"column":32},"end":{"line":39,"column":39}},"loc":{"start":{"line":39,"column":39},"end":{"line":45,"column":null}}},"3":{"name":"(anonymous_5)","decl":{"start":{"line":47,"column":29},"end":{"line":47,"column":36}},"loc":{"start":{"line":47,"column":36},"end":{"line":53,"column":null}}},"4":{"name":"(anonymous_6)","decl":{"start":{"line":101,"column":28},"end":{"line":101,"column":29}},"loc":{"start":{"line":102,"column":16},"end":{"line":102,"column":39}}},"5":{"name":"(anonymous_7)","decl":{"start":{"line":104,"column":29},"end":{"line":104,"column":35}},"loc":{"start":{"line":104,"column":35},"end":{"line":104,"column":null}}},"6":{"name":"(anonymous_8)","decl":{"start":{"line":131,"column":53},"end":{"line":131,"column":54}},"loc":{"start":{"line":132,"column":30},"end":{"line":132,"column":45}}},"7":{"name":"(anonymous_9)","decl":{"start":{"line":158,"column":39},"end":{"line":158,"column":45}},"loc":{"start":{"line":158,"column":45},"end":{"line":158,"column":null}}},"8":{"name":"(anonymous_10)","decl":{"start":{"line":174,"column":37},"end":{"line":174,"column":43}},"loc":{"start":{"line":174,"column":43},"end":{"line":174,"column":null}}},"9":{"name":"(anonymous_11)","decl":{"start":{"line":183,"column":37},"end":{"line":183,"column":43}},"loc":{"start":{"line":183,"column":43},"end":{"line":183,"column":null}}}},"branchMap":{"0":{"loc":{"start":{"line":10,"column":2},"end":{"line":23,"column":null}},"type":"switch","locations":[{"start":{"line":11,"column":4},"end":{"line":12,"column":null}},{"start":{"line":13,"column":4},"end":{"line":14,"column":null}},{"start":{"line":15,"column":4},"end":{"line":16,"column":null}},{"start":{"line":17,"column":4},"end":{"line":18,"column":null}},{"start":{"line":19,"column":4},"end":{"line":20,"column":null}},{"start":{"line":21,"column":4},"end":{"line":22,"column":null}}]},"1":{"loc":{"start":{"line":66,"column":11},"end":{"line":66,"column":null}},"type":"binary-expr","locations":[{"start":{"line":66,"column":11},"end":{"line":66,"column":null}}]},"2":{"loc":{"start":{"line":73,"column":11},"end":{"line":73,"column":25}},"type":"binary-expr","locations":[{"start":{"line":73,"column":11},"end":{"line":73,"column":25}},{"start":{"line":73,"column":25},"end":{"line":73,"column":null}}]},"3":{"loc":{"start":{"line":80,"column":11},"end":{"line":80,"column":25}},"type":"binary-expr","locations":[{"start":{"line":80,"column":11},"end":{"line":80,"column":25}},{"start":{"line":80,"column":25},"end":{"line":80,"column":null}}]},"4":{"loc":{"start":{"line":89,"column":13},"end":{"line":102,"column":39}},"type":"cond-expr","locations":[{"start":{"line":90,"column":14},"end":{"line":91,"column":26}},{"start":{"line":91,"column":16},"end":{"line":102,"column":39}}]},"5":{"loc":{"start":{"line":91,"column":16},"end":{"line":102,"column":39}},"type":"cond-expr","locations":[{"start":{"line":92,"column":14},"end":{"line":101,"column":24}},{"start":{"line":101,"column":14},"end":{"line":102,"column":39}}]},"6":{"loc":{"start":{"line":104,"column":55},"end":{"line":104,"column":108}},"type":"cond-expr","locations":[{"start":{"line":104,"column":90},"end":{"line":104,"column":97}},{"start":{"line":104,"column":97},"end":{"line":104,"column":108}}]},"7":{"loc":{"start":{"line":119,"column":65},"end":{"line":119,"column":121}},"type":"binary-expr","locations":[{"start":{"line":119,"column":65},"end":{"line":119,"column":90}},{"start":{"line":119,"column":94},"end":{"line":119,"column":121}}]},"8":{"loc":{"start":{"line":125,"column":19},"end":{"line":125,"column":51}},"type":"binary-expr","locations":[{"start":{"line":125,"column":19},"end":{"line":125,"column":51}}]},"9":{"loc":{"start":{"line":131,"column":28},"end":{"line":132,"column":45}},"type":"cond-expr","locations":[{"start":{"line":131,"column":28},"end":{"line":132,"column":45}}]},"10":{"loc":{"start":{"line":130,"column":27},"end":{"line":130,"column":null}},"type":"binary-expr","locations":[{"start":{"line":130,"column":27},"end":{"line":130,"column":47}},{"start":{"line":130,"column":51},"end":{"line":130,"column":null}}]},"11":{"loc":{"start":{"line":139,"column":37},"end":{"line":139,"column":null}},"type":"cond-expr","locations":[{"start":{"line":139,"column":65},"end":{"line":139,"column":84}},{"start":{"line":139,"column":84},"end":{"line":139,"column":null}}]},"12":{"loc":{"start":{"line":141,"column":35},"end":{"line":141,"column":51}},"type":"binary-expr","locations":[{"start":{"line":141,"column":35},"end":{"line":141,"column":51}}]},"13":{"loc":{"start":{"line":155,"column":25},"end":{"line":155,"column":null}},"type":"binary-expr","locations":[{"start":{"line":155,"column":25},"end":{"line":155,"column":null}}]},"14":{"loc":{"start":{"line":172,"column":25},"end":{"line":172,"column":null}},"type":"binary-expr","locations":[{"start":{"line":172,"column":25},"end":{"line":172,"column":null}}]},"15":{"loc":{"start":{"line":181,"column":25},"end":{"line":181,"column":null}},"type":"binary-expr","locations":[{"start":{"line":181,"column":25},"end":{"line":181,"column":null}}]},"16":{"loc":{"start":{"line":190,"column":25},"end":{"line":190,"column":null}},"type":"binary-expr","locations":[{"start":{"line":190,"column":25},"end":{"line":190,"column":null}}]}},"s":{"0":0,"1":0,"2":0,"3":0,"4":0,"5":0,"6":0,"7":0,"8":0,"9":0,"10":0,"11":0,"12":0,"13":0,"14":0,"15":0,"16":0,"17":0,"18":0,"19":0,"20":0,"21":0,"22":0,"23":0,"24":0,"25":0,"26":0,"27":0,"28":0},"f":{"0":0,"1":0,"2":0,"3":0,"4":0,"5":0,"6":0,"7":0,"8":0,"9":0},"b":{"0":[0,0,0,0,0,0],"1":[0],"2":[0,0],"3":[0,0],"4":[0,0],"5":[0,0],"6":[0,0],"7":[0,0],"8":[0],"9":[0],"10":[0,0],"11":[0,0],"12":[0],"13":[0],"14":[0],"15":[0],"16":[0]}}
,"/vercel/share/v0-project/frontend/app/settings/page.tsx": {"path":"/vercel/share/v0-project/frontend/app/settings/page.tsx","statementMap":{"0":{"start":{"line":8,"column":24},"end":{"line":8,"column":null}},"1":{"start":{"line":3,"column":36},"end":{"line":3,"column":null}},"2":{"start":{"line":4,"column":27},"end":{"line":4,"column":null}},"3":{"start":{"line":5,"column":23},"end":{"line":5,"column":null}},"4":{"start":{"line":6,"column":28},"end":{"line":6,"column":null}},"5":{"start":{"line":18,"column":6},"end":{"line":18,"column":null}},"6":{"start":{"line":20,"column":44},"end":{"line":20,"column":null}},"7":{"start":{"line":21,"column":40},"end":{"line":21,"column":null}},"8":{"start":{"line":23,"column":2},"end":{"line":27,"column":null}},"9":{"start":{"line":24,"column":4},"end":{"line":26,"column":null}},"10":{"start":{"line":25,"column":6},"end":{"line":25,"column":null}},"11":{"start":{"line":29,"column":30},"end":{"line":32,"column":null}},"12":{"start":{"line":30,"column":4},"end":{"line":30,"column":null}},"13":{"start":{"line":30,"column":37},"end":{"line":30,"column":null}},"14":{"start":{"line":31,"column":4},"end":{"line":31,"column":null}},"15":{"start":{"line":34,"column":37},"end":{"line":46,"column":null}},"16":{"start":{"line":35,"column":4},"end":{"line":45,"column":null}},"17":{"start":{"line":36,"column":6},"end":{"line":39,"column":null}},"18":{"start":{"line":41,"column":6},"end":{"line":41,"column":null}},"19":{"start":{"line":42,"column":6},"end":{"line":42,"column":null}},"20":{"start":{"line":42,"column":23},"end":{"line":42,"column":46}},"21":{"start":{"line":44,"column":6},"end":{"line":44,"column":null}},"22":{"start":{"line":48,"column":41},"end":{"line":60,"column":null}},"23":{"start":{"line":49,"column":4},"end":{"line":59,"column":null}},"24":{"start":{"line":50,"column":6},"end":{"line":53,"column":null}},"25":{"start":{"line":55,"column":6},"end":{"line":55,"column":null}},"26":{"start":{"line":56,"column":6},"end":{"line":56,"column":null}},"27":{"start":{"line":56,"column":23},"end":{"line":56,"column":46}},"28":{"start":{"line":58,"column":6},"end":{"line":58,"column":null}},"29":{"start":{"line":62,"column":35},"end":{"line":70,"column":null}},"30":{"start":{"line":63,"column":4},"end":{"line":69,"column":null}},"31":{"start":{"line":64,"column":6},"end":{"line":64,"column":null}},"32":{"start":{"line":65,"column":6},"end":{"line":65,"column":null}},"33":{"start":{"line":66,"column":6},"end":{"line":66,"column":null}},"34":{"start":{"line":66,"column":23},"end":{"line":66,"column":46}},"35":{"start":{"line":68,"column":6},"end":{"line":68,"column":null}},"36":{"start":{"line":72,"column":31},"end":{"line":84,"column":null}},"37":{"start":{"line":73,"column":4},"end":{"line":83,"column":null}},"38":{"start":{"line":74,"column":6},"end":{"line":77,"column":null}},"39":{"start":{"line":79,"column":6},"end":{"line":79,"column":null}},"40":{"start":{"line":80,"column":6},"end":{"line":80,"column":null}},"41":{"start":{"line":80,"column":23},"end":{"line":80,"column":46}},"42":{"start":{"line":82,"column":6},"end":{"line":82,"column":null}},"43":{"start":{"line":86,"column":2},"end":{"line":96,"column":null}},"44":{"start":{"line":122,"column":37},"end":{"line":122,"column":null}},"45":{"start":{"line":141,"column":22},"end":{"line":141,"column":null}},"46":{"start":{"line":157,"column":22},"end":{"line":157,"column":null}},"47":{"start":{"line":182,"column":18},"end":{"line":182,"column":36}},"48":{"start":{"line":189,"column":24},"end":{"line":189,"column":null}},"49":{"start":{"line":225,"column":22},"end":{"line":225,"column":null}},"50":{"start":{"line":236,"column":22},"end":{"line":236,"column":null}},"51":{"start":{"line":247,"column":22},"end":{"line":247,"column":null}},"52":{"start":{"line":276,"column":22},"end":{"line":276,"column":null}},"53":{"start":{"line":287,"column":22},"end":{"line":287,"column":null}},"54":{"start":{"line":298,"column":22},"end":{"line":298,"column":null}}},"fnMap":{"0":{"name":"SettingsPage","decl":{"start":{"line":8,"column":24},"end":{"line":8,"column":null}},"loc":{"start":{"line":8,"column":24},"end":{"line":322,"column":null}}},"1":{"name":"(anonymous_2)","decl":{"start":{"line":23,"column":12},"end":{"line":23,"column":null}},"loc":{"start":{"line":23,"column":12},"end":{"line":27,"column":5}}},"2":{"name":"(anonymous_3)","decl":{"start":{"line":29,"column":30},"end":{"line":29,"column":31}},"loc":{"start":{"line":29,"column":44},"end":{"line":32,"column":null}}},"3":{"name":"(anonymous_4)","decl":{"start":{"line":30,"column":21},"end":{"line":30,"column":22}},"loc":{"start":{"line":30,"column":37},"end":{"line":30,"column":null}}},"4":{"name":"(anonymous_5)","decl":{"start":{"line":34,"column":37},"end":{"line":34,"column":null}},"loc":{"start":{"line":34,"column":37},"end":{"line":46,"column":null}}},"5":{"name":"(anonymous_6)","decl":{"start":{"line":42,"column":17},"end":{"line":42,"column":23}},"loc":{"start":{"line":42,"column":23},"end":{"line":42,"column":46}}},"6":{"name":"(anonymous_7)","decl":{"start":{"line":48,"column":41},"end":{"line":48,"column":null}},"loc":{"start":{"line":48,"column":41},"end":{"line":60,"column":null}}},"7":{"name":"(anonymous_8)","decl":{"start":{"line":56,"column":17},"end":{"line":56,"column":23}},"loc":{"start":{"line":56,"column":23},"end":{"line":56,"column":46}}},"8":{"name":"(anonymous_9)","decl":{"start":{"line":62,"column":35},"end":{"line":62,"column":null}},"loc":{"start":{"line":62,"column":35},"end":{"line":70,"column":null}}},"9":{"name":"(anonymous_10)","decl":{"start":{"line":66,"column":17},"end":{"line":66,"column":23}},"loc":{"start":{"line":66,"column":23},"end":{"line":66,"column":46}}},"10":{"name":"(anonymous_11)","decl":{"start":{"line":72,"column":31},"end":{"line":72,"column":null}},"loc":{"start":{"line":72,"column":31},"end":{"line":84,"column":null}}},"11":{"name":"(anonymous_12)","decl":{"start":{"line":80,"column":17},"end":{"line":80,"column":23}},"loc":{"start":{"line":80,"column":23},"end":{"line":80,"column":46}}},"12":{"name":"(anonymous_13)","decl":{"start":{"line":122,"column":30},"end":{"line":122,"column":31}},"loc":{"start":{"line":122,"column":37},"end":{"line":122,"column":null}}},"13":{"name":"(anonymous_14)","decl":{"start":{"line":140,"column":30},"end":{"line":140,"column":31}},"loc":{"start":{"line":141,"column":22},"end":{"line":141,"column":null}}},"14":{"name":"(anonymous_15)","decl":{"start":{"line":156,"column":30},"end":{"line":156,"column":31}},"loc":{"start":{"line":157,"column":22},"end":{"line":157,"column":null}}},"15":{"name":"(anonymous_16)","decl":{"start":{"line":181,"column":78},"end":{"line":181,"column":79}},"loc":{"start":{"line":182,"column":18},"end":{"line":182,"column":36}}},"16":{"name":"(anonymous_17)","decl":{"start":{"line":188,"column":32},"end":{"line":188,"column":33}},"loc":{"start":{"line":189,"column":24},"end":{"line":189,"column":null}}},"17":{"name":"(anonymous_18)","decl":{"start":{"line":224,"column":30},"end":{"line":224,"column":31}},"loc":{"start":{"line":225,"column":22},"end":{"line":225,"column":null}}},"18":{"name":"(anonymous_19)","decl":{"start":{"line":235,"column":30},"end":{"line":235,"column":31}},"loc":{"start":{"line":236,"column":22},"end":{"line":236,"column":null}}},"19":{"name":"(anonymous_20)","decl":{"start":{"line":246,"column":30},"end":{"line":246,"column":31}},"loc":{"start":{"line":247,"column":22},"end":{"line":247,"column":null}}},"20":{"name":"(anonymous_21)","decl":{"start":{"line":275,"column":30},"end":{"line":275,"column":31}},"loc":{"start":{"line":276,"column":22},"end":{"line":276,"column":null}}},"21":{"name":"(anonymous_22)","decl":{"start":{"line":286,"column":30},"end":{"line":286,"column
[...]
e":149,"column":8},"end":{"line":149,"column":null}},"55":{"start":{"line":150,"column":8},"end":{"line":150,"column":null}},"56":{"start":{"line":152,"column":8},"end":{"line":152,"column":null}},"57":{"start":{"line":158,"column":26},"end":{"line":175,"column":null}},"58":{"start":{"line":160,"column":6},"end":{"line":160,"column":null}},"59":{"start":{"line":161,"column":6},"end":{"line":161,"column":null}},"60":{"start":{"line":162,"column":6},"end":{"line":173,"column":null}},"61":{"start":{"line":163,"column":25},"end":{"line":163,"column":null}},"62":{"start":{"line":164,"column":8},"end":{"line":164,"column":null}},"63":{"start":{"line":165,"column":8},"end":{"line":165,"column":null}},"64":{"start":{"line":166,"column":8},"end":{"line":166,"column":null}},"65":{"start":{"line":168,"column":24},"end":{"line":168,"column":null}},"66":{"start":{"line":169,"column":8},"end":{"line":169,"column":null}},"67":{"start":{"line":170,"column":8},"end":{"line":170,"column":null}},"68":{"start":{"line":172,"column":8},"end":{"line":172,"column":null}},"69":{"start":{"line":178,"column":23},"end":{"line":195,"column":null}},"70":{"start":{"line":180,"column":6},"end":{"line":180,"column":null}},"71":{"start":{"line":181,"column":6},"end":{"line":181,"column":null}},"72":{"start":{"line":182,"column":6},"end":{"line":193,"column":null}},"73":{"start":{"line":183,"column":25},"end":{"line":183,"column":null}},"74":{"start":{"line":184,"column":8},"end":{"line":184,"column":null}},"75":{"start":{"line":185,"column":8},"end":{"line":185,"column":null}},"76":{"start":{"line":186,"column":8},"end":{"line":186,"column":null}},"77":{"start":{"line":188,"column":24},"end":{"line":188,"column":null}},"78":{"start":{"line":189,"column":8},"end":{"line":189,"column":null}},"79":{"start":{"line":190,"column":8},"end":{"line":190,"column":null}},"80":{"start":{"line":192,"column":8},"end":{"line":192,"column":null}},"81":{"start":{"line":198,"column":27},"end":{"line":214,"column":null}},"82":{"start":{"line":200,"column":6},"end":{"line":200,"column":null}},"83":{"start":{"line":201,"column":6},"end":{"line":212,"column":null}},"84":{"start":{"line":202,"column":25},"end":{"line":205,"column":null}},"85":{"start":{"line":206,"column":8},"end":{"line":206,"column":null}},"86":{"start":{"line":207,"column":8},"end":{"line":207,"column":null}},"87":{"start":{"line":209,"column":24},"end":{"line":209,"column":null}},"88":{"start":{"line":210,"column":8},"end":{"line":210,"column":null}},"89":{"start":{"line":211,"column":8},"end":{"line":211,"column":null}},"90":{"start":{"line":217,"column":2},"end":{"line":233,"column":null}}},"fnMap":{"0":{"name":"useSchedules","decl":{"start":{"line":51,"column":16},"end":{"line":51,"column":29}},"loc":{"start":{"line":51,"column":48},"end":{"line":234,"column":null}}},"1":{"name":"(anonymous_3)","decl":{"start":{"line":60,"column":4},"end":{"line":60,"column":11}},"loc":{"start":{"line":60,"column":11},"end":{"line":63,"column":null}}},"2":{"name":"(anonymous_4)","decl":{"start":{"line":69,"column":4},"end":{"line":69,"column":11}},"loc":{"start":{"line":69,"column":11},"end":{"line":72,"column":null}}},"3":{"name":"(anonymous_5)","decl":{"start":{"line":76,"column":4},"end":{"line":76,"column":11}},"loc":{"start":{"line":76,"column":11},"end":{"line":132,"column":null}}},"4":{"name":"(anonymous_6)","decl":{"start":{"line":90,"column":33},"end":{"line":90,"column":40}},"loc":{"start":{"line":90,"column":40},"end":{"line":112,"column":null}}},"5":{"name":"(anonymous_7)","decl":{"start":{"line":93,"column":32},"end":{"line":93,"column":33}},"loc":{"start":{"line":93,"column":45},"end":{"line":93,"column":null}}},"6":{"name":"(anonymous_8)","decl":{"start":{"line":137,"column":4},"end":{"line":137,"column":11}},"loc":{"start":{"line":137,"column":31},"end":{"line":154,"column":null}}},"7":{"name":"(anonymous_9)","decl":{"start":{"line":159,"column":4},"end":{"line":159,"column":11}},"loc":{"start":{"line":159,"column":11},"end":{"line":174,"column":null}}},"8":{"name":"(anonymous_10)","decl":{"start":{"line":179,"column":4},"end":{"line":179,"column":11}},"loc":{"start":{"line":179,"column":11},"end":{"line":194,"column":null}}},"9":{"name":"(anonymous_11)","decl":{"start":{"line":199,"column":4},"end":{"line":199,"column":11}},"loc":{"start":{"line":199,"column":51},"end":{"line":213,"column":null}}}},"branchMap":{"0":{"loc":{"start":{"line":62,"column":13},"end":{"line":62,"column":51}},"type":"binary-expr","locations":[{"start":{"line":62,"column":13},"end":{"line":62,"column":34}},{"start":{"line":62,"column":38},"end":{"line":62,"column":51}}]},"1":{"loc":{"start":{"line":68,"column":4},"end":{"line":68,"column":null}},"type":"cond-expr","locations":[{"start":{"line":68,"column":17},"end":{"line":68,"column":44}},{"start":{"line":68,"column":47},"end":{"line":68,"column":null}}]},"2":{"loc":{"start":{"line":83,"column":8},"end":{"line":119,"column":null}},"type":"if","locations":[{"start":{"line":83,"column":8},"end":{"line":119,"column":null}},{"start":{"line":115,"column":15},"end":{"line":119,"column":null}}]},"3":{"loc":{"start":{"line":96,"column":16},"end":{"line":106,"column":null}},"type":"if","locations":[{"start":{"line":96,"column":16},"end":{"line":106,"column":null}},{"start":{"line":104,"column":23},"end":{"line":106,"column":null}}]},"4":{"loc":{"start":{"line":104,"column":23},"end":{"line":106,"column":null}},"type":"if","locations":[{"start":{"line":104,"column":23},"end":{"line":106,"column":null}},{"start":{},"end":{}}]},"5":{"loc":{"start":{"line":105,"column":34},"end":{"line":105,"column":null}},"type":"binary-expr","locations":[{"start":{"line":105,"column":34},"end":{"line":105,"column":59}},{"start":{"line":105,"column":63},"end":{"line":105,"column":null}}]},"6":{"loc":{"start":{"line":121,"column":24},"end":{"line":121,"column":null}},"type":"binary-expr","locations":[{"start":{"line":121,"column":24},"end":{"line":121,"column":54}},{"start":{"line":121,"column":54},"end":{"line":121,"column":65}},{"start":{"line":121,"column":69},"end":{"line":121,"column":null}}]},"7":{"loc":{"start":{"line":148,"column":24},"end":{"line":148,"column":null}},"type":"binary-expr","locations":[{"start":{"line":148,"column":24},"end":{"line":148,"column":54}},{"start":{"line":148,"column":54},"end":{"line":148,"column":null}}]},"8":{"loc":{"start":{"line":168,"column":24},"end":{"line":168,"column":null}},"type":"binary-expr","locations":[{"start":{"line":168,"column":24},"end":{"line":168,"column":54}},{"start":{"line":168,"column":54},"end":{"line":168,"column":null}}]},"9":{"loc":{"start":{"line":188,"column":24},"end":{"line":188,"column":null}},"type":"binary-expr","locations":[{"start":{"line":188,"column":24},"end":{"line":188,"column":54}},{"start":{"line":188,"column":54},"end":{"line":188,"column":null}}]},"10":{"loc":{"start":{"line":209,"column":24},"end":{"line":209,"column":null}},"type":"binary-expr","locations":[{"start":{"line":209,"column":24},"end":{"line":209,"column":54}},{"start":{"line":209,"column":54},"end":{"line":209,"column":null}}]},"11":{"loc":{"start":{"line":218,"column":15},"end":{"line":218,"column":30}},"type":"binary-expr","locations":[{"start":{"line":218,"column":15},"end":{"line":218,"column":28}},{"start":{"line":218,"column":28},"end":{"line":218,"column":30}}]},"12":{"loc":{"start":{"line":221,"column":11},"end":{"line":221,"column":null}},"type":"binary-expr","locations":[{"start":{"line":221,"column":11},"end":{"line":221,"column":20}},{"start":{"line":221,"column":20},"end":{"line":221,"column":null}}]}},"s":{"0":0,"1":0,"2":0,"3":0,"4":0,"5":0,"6":0,"7":0,"8":0,"9":0,"10":0,"11":0,"12":0,"13":0,"14":0,"15":0,"16":0,"17":0,"18":0,"19":0,"20":0,"21":0,"22":0,"23":0,"24":0,"25":0,"26":0,"27":0,"28":0,"29":0,"30":0,"31":0,"32":0,"33":0,"34":0,"35":0,"36":0,"37":0,"38":0,"39":0,"40":0,"41":0,"42":0,"43":0,"44":0,"45":0,"46":0,"47":0,"48":0,"49":0,"50":0,"51":0,"52":0,"53":0,"54":0,"55":0,"56":0,"57":0,"58":0,"59":0,"60":0,"61":0,"62":0,"63":0,"64":0,"65":0,"66":0,"67":0,"68":0,"69":0,"70":0,"71":0,"72":0,"73":0,"74":0,"75":0,"76":0,"77":0,"78":0,"79":0,"80":0,"81":0,"82":0,"83":0,"84":0,"85":0,"86":0,"87":0,"88":0,"89":0,"90":0},"f":{"0":0,"1":0,"2":0,"3":0,"4":0,"5":0,"6":0,"7":0,"8":0,"9":0},"b":{"0":[0,0],"1":[0,0],"2":[0,0],"3":[0,0],"4":[0,0],"5":[0,0],"6":[0,0,0],"7":[0,0],"8":[0,0],"9":[0,0],"10":[0,0],"11":[0,0],"12":[0,0]}}
,"/vercel/share/v0-project/frontend/hooks/useSettings.ts": {"path":"/vercel/share/v0-project/frontend/hooks/useSettings.ts","statementMap":{"0":{"start":{"line":22,"column":16},"end":{"line":22,"column":null}},"1":{"start":{"line":3,"column":38},"end":{"line":3,"column":null}},"2":{"start":{"line":4,"column":19},"end":{"line":4,"column":null}},"3":{"start":{"line":5,"column":20},"end":{"line":5,"column":null}},"4":{"start":{"line":23,"column":38},"end":{"line":23,"column":null}},"5":{"start":{"line":24,"column":28},"end":{"line":24,"column":null}},"6":{"start":{"line":26,"column":67},"end":{"line":32,"column":null}},"7":{"start":{"line":29,"column":23},"end":{"line":29,"column":null}},"8":{"start":{"line":30,"column":6},"end":{"line":30,"column":null}},"9":{"start":{"line":35,"column":25},"end":{"line":51,"column":null}},"10":{"start":{"line":37,"column":6},"end":{"line":37,"column":null}},"11":{"start":{"line":38,"column":6},"end":{"line":38,"column":null}},"12":{"start":{"line":39,"column":6},"end":{"line":49,"column":null}},"13":{"start":{"line":40,"column":25},"end":{"line":40,"column":null}},"14":{"start":{"line":41,"column":8},"end":{"line":41,"column":null}},"15":{"start":{"line":42,"column":8},"end":{"line":42,"column":null}},"16":{"start":{"line":44,"column":24},"end":{"line":44,"column":null}},"17":{"start":{"line":45,"column":8},"end":{"line":45,"column":null}},"18":{"start":{"line":46,"column":8},"end":{"line":46,"column":null}},"19":{"start":{"line":48,"column":8},"end":{"line":48,"column":null}},"20":{"start":{"line":54,"column":37},"end":{"line":66,"column":null}},"21":{"start":{"line":60,"column":6},"end":{"line":64,"column":null}},"22":{"start":{"line":69,"column":31},"end":{"line":73,"column":null}},"23":{"start":{"line":71,"column":6},"end":{"line":71,"column":null}},"24":{"start":{"line":76,"column":27},"end":{"line":88,"column":null}},"25":{"start":{"line":82,"column":6},"end":{"line":86,"column":null}},"26":{"start":{"line":91,"column":33},"end":{"line":103,"column":null}},"27":{"start":{"line":97,"column":6},"end":{"line":101,"column":null}},"28":{"start":{"line":106,"column":2},"end":{"line":117,"column":null}}},"fnMap":{"0":{"name":"useSettings","decl":{"start":{"line":22,"column":16},"end":{"line":22,"column":null}},"loc":{"start":{"line":22,"column":16},"end":{"line":118,"column":null}}},"1":{"name":"(anonymous_3)","decl":{"start":{"line":28,"column":4},"end":{"line":28,"column":11}},"loc":{"start":{"line":28,"column":11},"end":{"line":31,"column":null}}},"2":{"name":"(anonymous_4)","decl":{"start":{"line":36,"column":4},"end":{"line":36,"column":11}},"loc":{"start":{"line":36,"column":11},"end":{"line":50,"column":null}}},"3":{"name":"(anonymous_5)","decl":{"start":{"line":55,"column":4},"end":{"line":55,"column":null}},"loc":{"start":{"line":58,"column":6},"end":{"line":65,"column":null}}},"4":{"name":"(anonymous_6)","decl":{"start":{"line":70,"column":4},"end":{"line":70,"column":11}},"loc":{"start":{"line":70,"column":11},"end":{"line":72,"column":null}}},"5":{"name":"(anonymous_7)","decl":{"start":{"line":77,"column":4},"end":{"line":77,"column":null}},"loc":{"start":{"line":80,"column":6},"end":{"line":87,"column":null}}},"6":{"name":"(anonymous_8)","decl":{"start":{"line":92,"column":4},"end":{"line":92,"column":null}},"loc":{"start":{"line":95,"column":6},"end":{"line":102,"column":null}}}},"branchMap":{"0":{"loc":{"start":{"line":44,"column":24},"end":{"line":44,"column":null}},"type":"binary-expr","locations":[{"start":{"line":44,"column":24},"end":{"line":44,"column":54}},{"start":{"line":44,"column":54},"end":{"line":44,"column":null}}]},"1":{"loc":{"start":{"line":109,"column":11},"end":{"line":109,"column":null}},"type":"binary-expr","locations":[{"start":{"line":109,"column":11},"end":{"line":109,"column":20}},{"start":{"line":109,"column":20},"end":{"line":109,"column":null}}]}},"s":{"0":0,"1":0,"2":0,"3":0,"4":0,"5":0,"6":0,"7":0,"8":0,"9":0,"10":0,"11":0,"12":0,"13":0,"14":0,"15":0,"16":0,"17":0,"18":0,"19":0,"20":0,"21":0,"22":0,"23":0,"24":0,"25":0,"26":0,"27":0,"28":0},"f":{"0":0,"1":0,"2":0,"3":0,"4":0,"5":0,"6":0},"b":{"0":[0,0],"1":[0,0]}}
,"/vercel/share/v0-project/frontend/hooks/useSkills.ts": {"path":"/vercel/share/v0-project/frontend/hooks/useSkills.ts","statementMap":{"0":{"start":{"line":24,"column":16},"end":{"line":24,"column":null}},"1":{"start":{"line":3,"column":38},"end":{"line":3,"column":null}},"2":{"start":{"line":4,"column":19},"end":{"line":4,"column":null}},"3":{"start":{"line":5,"column":20},"end":{"line":5,"column":null}},"4":{"start":{"line":25,"column":38},"end":{"line":25,"column":null}},"5":{"start":{"line":26,"column":38},"end":{"line":26,"column":null}},"6":{"start":{"line":27,"column":38},"end":{"line":27,"column":null}},"7":{"start":{"line":28,"column":28},"end":{"line":28,"column":null}},"8":{"start":{"line":30,"column":65},"end":{"line":36,"column":null}},"9":{"start":{"line":33,"column":23},"end":{"line":33,"column":null}},"10":{"start":{"line":34,"column":6},"end":{"line":34,"column":null}},"11":{"start":{"line":39,"column":22},"end":{"line":55,"column":null}},"12":{"start":{"line":41,"column":6},"end":{"line":41,"column":null}},"13":{"start":{"line":42,"column":6},"end":{"line":42,"column":null}},"14":{"start":{"line":43,"column":6},"end":{"line":53,"column":null}},"15":{"start":{"line":44,"column":25},"end":{"line":44,"column":null}},"16":{"start":{"line":45,"column":8},"end":{"line":45,"column":null}},"17":{"start":{"line":46,"column":8},"end":{"line":46,"column":null}},"18":{"start":{"line":48,"column":24},"end":{"line":48,"column":null}},"19":{"start":{"line":49,"column":8},"end":{"line":49,"column":null}},"20":{"start":{"line":50,"column":8},"end":{"line":50,"column":null}},"21":{"start":{"line":52,"column":8},"end":{"line":52,"column":null}},"22":{"start":{"line":58,"column":22},"end":{"line":74,"column":null}},"23":{"start":{"line":60,"column":6},"end":{"line":60,"column":null}},"24":{"start":{"line":61,"column":6},"end":{"line":61,"column":null}},"25":{"start":{"line":62,"column":6},"end":{"line":72,"column":null}},"26":{"start":{"line":63,"column":25},"end":{"line":63,"column":null}},"27":{"start":{"line":64,"column":8},"end":{"line":64,"column":null}},"28":{"start":{"line":65,"column":8},"end":{"line":65,"column":null}},"29":{"start":{"line":67,"column":24},"end":{"line":67,"column":null}},"30":{"start":{"line":68,"column":8},"end":{"line":68,"column":null}},"31":{"start":{"line":69,"column":8},"end":{"line":69,"column":null}},"32":{"start":{"line":71,"column":8},"end":{"line":71,"column":null}},"33":{"start":{"line":77,"column":22},"end":{"line":92,"column":null}},"34":{"start":{"line":79,"column":6},"end":{"line":79,"column":null}},"35":{"start":{"line":80,"column":6},"end":{"line":80,"column":null}},"36":{"start":{"line":81,"column":6},"end":{"line":90,"column":null}},"37":{"start":{"line":82,"column":8},"end":{"line":82,"column":null}},"38":{"start":{"line":83,"column":8},"end":{"line":83,"column":null}},"39":{"start":{"line":85,"column":24},"end":{"line":85,"column":null}},"40":{"start":{"line":86,"column":8},"end":{"line":86,"column":null}},"41":{"start":{"line":87,"column":8},"end":{"line":87,"column":null}},"42":{"start":{"line":89,"column":8},"end":{"line":89,"column":null}},"43":{"start":{"line":95,"column":27},"end":{"line":101,"column":null}},"44":{"start":{"line":97,"column":4},"end":{"line":97,"column":null}},"45":{"start":{"line":97,"column":29},"end":{"line":97,"column":null}},"46":{"start":{"line":98,"column":4},"end":{"line":98,"column":null}},"47":{"start":{"line":98,"column":32},"end":{"line":98,"column":null}},"48":{"start":{"line":99,"column":4},"end":{"line":99,"column":null}},"49":{"start":{"line":99,"column":32},"end":{"line":99,"column":null}},"50":{"start":{"line":100,"column":4},"end":{"line":100,"column":null}},"51":{"start":{"line":103,"column":2},"end":{"line":115,"column":null}}},"fnMap":{"0":{"name":"useSkills","decl":{"start":{"line":24,"column":16},"end":{"line":24,"column":null}},"loc":{"start":{"line":24,"column":16},"end":{"line":116,"column":null}}},"1":{"name":"(anonymous_3)","decl":{"start":{"line":32,"column":4},"end":{"line":32,"column":11}},"loc":{"start":{"line":32,"column":11},"end":{"line":35,"column":null}}},"2":{"name":"(anonymous_4)","decl":{"start":{"line":40,"column":4},"end":{"line":40,"column":11}},"loc":{"start":{"line":40,"column":11},"end":{"line":54,"column":null}}},"3":{"name":"(anonymous_5)","decl":{"start":{"line":59,"column":4},"end":{"line":59,"column":11}},"loc":{"start":{"line":59,"column":28},"end":{"line":73,"column":null}}},"4":{"name":"(anonymous_6)","decl":{"start":{"line":78,"column":4},"end":{"line":78,"column":11}},"loc":{"start":{"line":78,"column":11},"end":{"line":91,"column":null}}},"5":{"name":"(anonymous_7)","decl":{"start":{"line":95,"column":39},"end":{"line":95,"column":40}},"loc":{"start":{"line":95,"column":40},"end":{"line":101,"column":5}}}},"branchMap":{"0":{"loc":{"start":{"line":34,"column":13},"end":{"line":34,"column":51}},"type":"binary-expr","locations":[{"start":{"line":34,"column":13},"end":{"line":34,"column":34}},{"start":{"line":34,"column":38},"end":{"line":34,"column":51}}]},"1":{"loc":{"start":{"line":48,"column":24},"end":{"line":48,"column":null}},"type":"binary-expr","locations":[{"start":{"line":48,"column":24},"end":{"line":48,"column":54}},{"start":{"line":48,"column":54},"end":{"line":48,"column":null}}]},"2":{"loc":{"start":{"line":67,"column":24},"end":{"line":67,"column":null}},"type":"binary-expr","locations":[{"start":{"line":67,"column":24},"end":{"line":67,"column":54}},{"start":{"line":67,"column":54},"end":{"line":67,"column":null}}]},"3":{"loc":{"start":{"line":85,"column":24},"end":{"line":85,"column":null}},"type":"binary-expr","locations":[{"start":{"line":85,"column":24},"end":{"line":85,"column":54}},{"start":{"line":85,"column":54},"end":{"line":85,"column":null}}]},"4":{"loc":{"start":{"line":97,"column":4},"end":{"line":97,"column":null}},"type":"if","locations":[{"start":{"line":97,"column":4},"end":{"line":97,"column":null}},{"start":{},"end":{}}]},"5":{"loc":{"start":{"line":98,"column":4},"end":{"line":98,"column":null}},"type":"if","locations":[{"start":{"line":98,"column":4},"end":{"line":98,"column":null}},{"start":{},"end":{}}]},"6":{"loc":{"start":{"line":99,"column":4},"end":{"line":99,"column":null}},"type":"if","locations":[{"start":{"line":99,"column":4},"end":{"line":99,"column":null}},{"start":{},"end":{}}]},"7":{"loc":{"start":{"line":104,"column":12},"end":{"line":104,"column":24}},"type":"binary-expr","locations":[{"start":{"line":104,"column":12},"end":{"line":104,"column":22}},{"start":{"line":104,"column":22},"end":{"line":104,"column":24}}]},"8":{"loc":{"start":{"line":106,"column":11},"end":{"line":106,"column":null}},"type":"binary-expr","locations":[{"start":{"line":106,"column":11},"end":{"line":106,"column":20}},{"start":{"line":106,"column":20},"end":{"line":106,"column":null}}]}},"s":{"0":0,"1":0,"2":0,"3":0,"4":0,"5":0,"6":0,"7":0,"8":0,"9":0,"10":0,"11":0,"12":0,"13":0,"14":0,"15":0,"16":0,"17":0,"18":0,"19":0,"20":0,"21":0,"22":0,"23":0,"24":0,"25":0,"26":0,"27":0,"28":0,"29":0,"30":0,"31":0,"32":0,"33":0,"34":0,"35":0,"36":0,"37":0,"38":0,"39":0,"40":0,"41":0,"42":0,"43":0,"44":0,"45":0,"46":0,"47":0,"48":0,"49":0,"50":0,"51":0},"f":{"0":0,"1":0,"2":0,"3":0,"4":0,"5":0},"b":{"0":[0,0],"1":[0,0],"2":[0,0],"3":[0,0],"4":[0,0],"5":[0,0],"6":[0,0],"7":[0,0],"8":[0,0]}}
}
