TN:
SF:app/layout.tsx
FN:13,RootLayout
FNF:1
FNH:0
FNDA:0,RootLayout
DA:2,0
DA:4,0
DA:6,0
DA:8,0
DA:13,0
LF:5
LH:0
BRF:0
BRH:0
end_of_record
TN:
SF:app/page.tsx
FN:3,Home
FNF:1
FNH:0
FNDA:0,Home
DA:1,0
DA:3,0
LF:2
LH:0
BRF:0
BRH:0
end_of_record
TN:
SF:app/analytics/page.tsx
FN:7,AnalyticsPage
FN:142,(anonymous_2)
FNF:2
FNH:0
FNDA:0,AnalyticsPage
FNDA:0,(anonymous_2)
DA:3,0
DA:4,0
DA:5,0
DA:7,0
DA:8,0
DA:143,0
LF:6
LH:0
BRDA:21,0,0,0
BRDA:21,0,1,0
BRDA:22,1,0,0
BRDA:22,1,1,0
BRDA:22,2,0,0
BRDA:22,2,1,0
BRDA:29,3,0,0
BRDA:29,3,1,0
BRDA:30,4,0,0
BRDA:30,4,1,0
BRDA:30,5,0,0
BRDA:30,5,1,0
BRDA:37,6,0,0
BRDA:37,6,1,0
BRDA:38,7,0,0
BRDA:38,7,1,0
BRDA:38,8,0,0
BRDA:38,8,1,0
BRDA:45,9,0,0
BRDA:45,9,1,0
BRDA:46,10,0,0
BRDA:46,10,1,0
BRDA:46,11,0,0
BRDA:46,11,1,0
BRDA:58,12,0,0
BRDA:64,13,0,0
BRDA:64,13,1,0
BRDA:70,14,0,0
BRDA:70,14,1,0
BRDA:76,15,0,0
BRDA:76,15,1,0
BRDA:87,16,0,0
BRDA:93,17,0,0
BRDA:93,17,1,0
BRDA:99,18,0,0
BRDA:99,18,1,0
BRDA:105,19,0,0
BRDA:105,19,1,0
BRDA:116,20,0,0
BRDA:122,21,0,0
BRDA:122,21,1,0
BRDA:128,22,0,0
BRDA:128,22,1,0
BRDA:139,23,0,0
BRDA:141,24,0,0
BRDA:140,25,0,0
BRDA:140,25,1,0
BRF:47
BRH:0
end_of_record
TN:
SF:app/audit-logs/page.tsx
FN:8,AuditLogsPage
FN:13,(anonymous_2)
FN:27,(anonymous_3)
FN:60,(anonymous_4)
FN:64,(anonymous_5)
FN:95,(anonymous_6)
FN:96,(anonymous_7)
FN:105,(anonymous_8)
FNF:8
FNH:0
FNDA:0,AuditLogsPage
FNDA:0,(anonymous_2)
FNDA:0,(anonymous_3)
FNDA:0,(anonymous_4)
FNDA:0,(anonymous_5)
FNDA:0,(anonymous_6)
FNDA:0,(anonymous_7)
FNDA:0,(anonymous_8)
DA:3,0
DA:4,0
DA:5,0
DA:6,0
DA:8,0
DA:9,0
DA:10,0
DA:11,0
DA:13,0
DA:27,0
DA:61,0
DA:65,0
DA:95,0
DA:97,0
DA:98,0
DA:106,0
LF:16
LH:0
BRDA:13,0,0,0
BRDA:13,0,1,0
BRDA:44,1,0,0
BRDA:46,2,0,0
BRDA:65,3,0,0
BRDA:65,3,1,0
BRDA:81,4,0,0
BRDA:81,4,1,0
BRDA:92,5,0,0
BRDA:104,6,0,0
BRF:10
BRH:0
end_of_record
TN:
SF:app/availability/page.tsx
FN:11,AvailabilityPage
FN:20,(anonymous_2)
FN:21,(anonymous_3)
FN:22,(anonymous_4)
FN:26,(anonymous_5)
FN:45,(anonymous_6)
FN:46,(anonymous_7)
FN:93,(anonymous_8)
FN:100,(anonymous_9)
FN:115,(anonymous_10)
FN:120,(anonymous_11)
FN:161,(anonymous_12)
FN:168,(anonymous_13)
FNF:13
FNH:0
FNDA:0,AvailabilityPage
FNDA:0,(anonymous_2)
FNDA:0,(anonymous_3)
FNDA:0,(anonymous_4)
FNDA:0,(anonymous_5)
FNDA:0,(anonymous_6)
FNDA:0,(anonymous_7)
FNDA:0,(anonymous_8)
FNDA:0,(anonymous_9)
FNDA:0,(anonymous_10)
FNDA:0,(anonymous_11)
FNDA:0,(anonymous_12)
FNDA:0,(anonymous_13)
DA:3,0
DA:4,0
DA:5,0
DA:6,0
DA:7,0
DA:9,0
DA:11,0
DA:13,0
DA:14,0
DA:15,0
DA:16,0
DA:17,0
DA:18,0
DA:20,0
DA:21,0
DA:22,0
DA:26,0
DA:27,0
DA:29,0
DA:30,0
DA:31,0
DA:36,0
DA:37,0
DA:39,0
DA:41,0
DA:45,0
DA:46,0
DA:47,0
DA:94,0
DA:95,0
DA:101,0
DA:116,0
DA:120,0
DA:162,0
DA:169,0
LF:35
LH:0
BRDA:22,0,0,0
BRDA:22,0,1,0
BRDA:27,1,0,0
BRDA:27,1,1,0
BRDA:27,2,0,0
BRDA:27,2,1,0
BRDA:45,3,0,0
BRDA:45,3,1,0
BRDA:47,4,0,0
BRDA:47,4,1,0
BRDA:47,5,0,0
BRDA:47,5,1,0
BRDA:69,6,0,0
BRDA:69,6,1,0
BRDA:78,7,0,0
BRDA:92,8,0,0
BRDA:92,8,1,0
BRDA:108,9,0,0
BRDA:131,10,0,0
BRDA:131,10,1,0
BRDA:133,11,0,0
BRDA:133,11,1,0
BRDA:133,12,0,0
BRDA:133,12,1,0
BRDA:138,13,0,0
BRDA:138,13,1,0
BRDA:149,14,0,0
BRDA:151,15,0,0
BRDA:150,16,0,0
BRDA:150,16,1,0
BRF:30
BRH:0
end_of_record
TN:
SF:app/dashboard/app.tsx
FN:13,DashboardPage
FNF:1
FNH:0
FNDA:0,DashboardPage
DA:4,0
DA:5,0
DA:6,0
DA:7,0
DA:8,0
DA:9,0
DA:10,0
DA:11,0
DA:13,0
DA:14,0
DA:15,0
LF:11
LH:0
BRF:0
BRH:0
end_of_record
TN:
SF:app/dashboard/page.tsx
FN:9,LoadingCard
FN:18,DashboardPage
FN:24,(anonymous_4)
FN:163,(anonymous_5)
FNF:4
FNH:0
FNDA:0,LoadingCard
FNDA:0,DashboardPage
FNDA:0,(anonymous_4)
FNDA:0,(anonymous_5)
DA:3,0
DA:4,0
DA:5,0
DA:6,0
DA:7,0
DA:18,0
DA:19,0
DA:20,0
DA:21,0
DA:22,0
DA:24,0
DA:25,0
DA:26,0
DA:27,0
DA:28,0
DA:29,0
DA:30,0
DA:32,0
DA:37,0
DA:39,0
DA:43,0
DA:44,0
DA:45,0
DA:164,0
LF:24
LH:0
BRDA:37,0,0,0
BRDA:37,0,1,0
BRDA:57,1,0,0
BRDA:57,1,1,0
BRDA:74,2,0,0
BRDA:87,3,0,0
BRDA:87,3,1,0
BRDA:94,4,0,0
BRDA:94,4,1,0
BRDA:102,5,0,0
BRDA:102,5,1,0
BRDA:102,6,0,0
BRDA:102,6,1,0
BRDA:103,7,0,0
BRDA:103,7,1,0
BRDA:110,8,0,0
BRDA:110,8,1,0
BRDA:117,9,0,0
BRDA:117,9,1,0
BRDA:117,10,0,0
BRDA:117,10,1,0
BRDA:118,11,0,0
BRDA:118,11,1,0
BRDA:126,12,0,0
BRDA:126,12,1,0
BRDA:126,13,0,0
BRDA:126,13,1,0
BRDA:127,14,0,0
BRDA:127,14,1,0
BRDA:141,15,0,0
BRDA:141,15,1,0
BRDA:146,16,0,0
BRDA:146,16,1,0
BRDA:148,17,0,0
BRDA:160,18,0,0
BRDA:159,19,0,0
BRDA:159,19,1,0
BRDA:159,19,2,0
BRDA:167,20,0,0
BRDA:167,20,1,0
BRDA:169,21,0,0
BRDA:169,21,1,0
BRDA:175,22,0,0
BRDA:175,22,1,0
BRDA:177,23,0,0
BRDA:177,23,1,0
BRDA:185,24,0,0
BRDA:185,24,1,0
BRDA:200,25,0,0
BRDA:211,26,0,0
BRDA:211,26,1,0
BRDA:228,27,0,0
BRDA:228,27,1,0
BRF:53
BRH:0
end_of_record
TN:
SF:app/demo/page.tsx
FN:6,DemoPage
FN:85,(anonymous_3)
FN:152,(anonymous_4)
FN:155,(anonymous_5)
FN:192,(anonymous_6)
FN:204,(anonymous_7)
FN:207,(anonymous_8)
FN:224,(anonymous_9)
FNF:8
FNH:0
FNDA:0,DemoPage
FNDA:0,(anonymous_3)
FNDA:0,(anonymous_4)
FNDA:0,(anonymous_5)
FNDA:0,(anonymous_6)
FNDA:0,(anonymous_7)
FNDA:0,(anonymous_8)
FNDA:0,(anonymous_9)
DA:3,0
DA:4,0
DA:6,0
DA:7,0
DA:9,0
DA:86,0
DA:153,0
DA:155,0
DA:192,0
DA:205,0
DA:207,0
DA:224,0
LF:12
LH:0
BRDA:88,0,0,0
BRDA:88,0,1,0
BRDA:157,1,0,0
BRDA:157,1,1,0
BRDA:164,2,0,0
BRDA:164,2,1,0
BRDA:195,3,0,0
BRDA:195,3,1,0
BRDA:209,4,0,0
BRDA:209,4,1,0
BRDA:216,5,0,0
BRF:11
BRH:0
end_of_record
TN:
SF:app/get-started/page.tsx
FN:3,GetStartedPage
FNF:1
FNH:0
FNDA:0,GetStartedPage
DA:1,0
DA:3,0
LF:2
LH:0
BRF:0
BRH:0
end_of_record
TN:
SF:app/login/page.tsx
FN:8,LoginPage
FN:28,(anonymous_3)
FN:43,(anonymous_4)
FN:89,(anonymous_5)
FN:99,(anonymous_6)
FN:132,(anonymous_7)
FN:144,(anonymous_8)
FN:173,(anonymous_9)
FN:186,(anonymous_10)
FN:197,(anonymous_11)
FN:210,(anonymous_12)
FN:222,(anonymous_13)
FN:233,(anonymous_14)
FNF:13
FNH:0
FNDA:0,LoginPage
FNDA:0,(anonymous_3)
FNDA:0,(anonymous_4)
FNDA:0,(anonymous_5)
FNDA:0,(anonymous_6)
FNDA:0,(anonymous_7)
FNDA:0,(anonymous_8)
FNDA:0,(anonymous_9)
FNDA:0,(anonymous_10)
FNDA:0,(anonymous_11)
FNDA:0,(anonymous_12)
FNDA:0,(anonymous_13)
FNDA:0,(anonymous_14)
DA:3,0
DA:4,0
DA:5,0
DA:6,0
DA:8,0
DA:9,0
DA:10,0
DA:11,0
DA:12,0
DA:13,0
DA:16,0
DA:17,0
DA:20,0
DA:21,0
DA:22,0
DA:23,0
DA:24,0
DA:25,0
DA:26,0
DA:28,0
DA:29,0
DA:30,0
DA:31,0
DA:33,0
DA:34,0
DA:35,0
DA:37,0
DA:39,0
DA:43,0
DA:44,0
DA:45,0
DA:46,0
DA:48,0
DA:49,0
DA:51,0
DA:52,0
DA:54,0
DA:55,0
DA:56,0
DA:57,0
DA:58,0
DA:59,0
DA:61,0
DA:63,0
DA:64,0
DA:69,0
DA:71,0
DA:75,0
DA:89,0
DA:99,0
DA:132,0
DA:144,0
DA:173,0
DA:186,0
DA:197,0
DA:210,0
DA:222,0
DA:233,0
LF:58
LH:0
BRDA:37,0,0,0
BRDA:37,0,1,0
BRDA:64,1,0,0
BRDA:64,1,1,0
BRDA:64,1,2,0
BRDA:64,1,3,0
BRDA:64,1,4,0
BRDA:75,2,0,0
BRDA:75,2,1,0
BRDA:91,3,0,0
BRDA:91,3,1,0
BRDA:101,4,0,0
BRDA:101,4,1,0
BRDA:111,5,0,0
BRDA:118,6,0,0
BRDA:125,7,0,0
BRDA:155,8,0,0
BRDA:155,8,1,0
BRDA:160,9,0,0
BRDA:160,9,1,0
BRDA:166,10,0,0
BRDA:246,11,0,0
BRDA:246,11,1,0
BRDA:251,12,0,0
BRDA:251,12,1,0
BRF:25
BRH:0
end_of_record
TN:
SF:app/members/page.tsx
FN:12,MembersPage
FN:19,(anonymous_3)
FN:28,(anonymous_4)
FN:36,(anonymous_5)
FN:59,(anonymous_6)
FN:96,(anonymous_7)
FN:104,(anonymous_8)
FN:146,(anonymous_9)
FN:155,(anonymous_10)
FN:174,(anonymous_11)
FN:182,(anonymous_12)
FNF:11
FNH:0
FNDA:0,MembersPage
FNDA:0,(anonymous_3)
FNDA:0,(anonymous_4)
FNDA:0,(anonymous_5)
FNDA:0,(anonymous_6)
FNDA:0,(anonymous_7)
FNDA:0,(anonymous_8)
FNDA:0,(anonymous_9)
FNDA:0,(anonymous_10)
FNDA:0,(anonymous_11)
FNDA:0,(anonymous_12)
DA:3,0
DA:4,0
DA:5,0
DA:6,0
DA:7,0
DA:9,0
DA:10,0
DA:12,0
DA:13,0
DA:14,0
DA:15,0
DA:16,0
DA:17,0
DA:19,0
DA:20,0
DA:21,0
DA:22,0
DA:24,0
DA:28,0
DA:29,0
DA:30,0
DA:32,0
DA:36,0
DA:37,0
DA:38,0
DA:39,0
DA:41,0
DA:59,0
DA:97,0
DA:105,0
DA:147,0
DA:148,0
DA:155,0
DA:174,0
DA:183,0
DA:184,0
LF:36
LH:0
BRDA:37,0,0,0
BRDA:37,0,1,0
BRDA:67,1,0,0
BRDA:76,2,0,0
BRDA:78,3,0,0
BRDA:98,4,0,0
BRDA:98,4,1,0
BRDA:100,5,0,0
BRDA:100,5,1,0
BRDA:104,6,0,0
BRDA:103,7,0,0
BRDA:103,7,1,0
BRDA:115,8,0,0
BRDA:115,8,1,0
BRDA:125,9,0,0
BRDA:125,9,1,0
BRDA:127,10,0,0
BRDA:127,10,1,0
BRDA:137,11,0,0
BRDA:171,12,0,0
BRDA:179,13,0,0
BRDA:179,13,1,0
BRF:22
BRH:0
end_of_record
TN:
SF:app/roles/page.tsx
FN:10,getPriorityColor
FN:16,getPriorityLabel
FN:22,RolesPage
FN:27,(anonymous_5)
FN:36,(anonymous_6)
FN:56,(anonymous_7)
FN:94,(anonymous_8)
FN:148,(anonymous_9)
FN:168,(anonymous_10)
FNF:9
FNH:0
FNDA:0,getPriorityColor
FNDA:0,getPriorityLabel
FNDA:0,RolesPage
FNDA:0,(anonymous_5)
FNDA:0,(anonymous_6)
FNDA:0,(anonymous_7)
FNDA:0,(anonymous_8)
FNDA:0,(anonymous_9)
FNDA:0,(anonymous_10)
DA:3,0
DA:4,0
DA:5,0
DA:6,0
DA:7,0
DA:8,0
DA:11,0
DA:12,0
DA:13,0
DA:17,0
DA:18,0
DA:19,0
DA:22,0
DA:23,0
DA:24,0
DA:25,0
DA:27,0
DA:28,0
DA:29,0
DA:30,0
DA:32,0
DA:36,0
DA:37,0
DA:38,0
DA:39,0
DA:41,0
DA:56,0
DA:95,0
DA:96,0
DA:97,0
DA:99,0
DA:148,0
DA:168,0
LF:33
LH:0
BRDA:11,0,0,0
BRDA:11,0,1,0
BRDA:12,1,0,0
BRDA:12,1,1,0
BRDA:17,2,0,0
BRDA:17,2,1,0
BRDA:18,3,0,0
BRDA:18,3,1,0
BRDA:37,4,0,0
BRDA:37,4,1,0
BRDA:64,5,0,0
BRDA:73,6,0,0
BRDA:75,7,0,0
BRDA:97,8,0,0
BRDA:97,8,1,0
BRDA:103,9,0,0
BRDA:103,9,1,0
BRDA:109,10,0,0
BRDA:109,10,1,0
BRDA:120,11,0,0
BRDA:120,11,1,0
BRDA:122,12,0,0
BRDA:122,12,1,0
BRDA:165,13,0,0
BRF:24
BRH:0
end_of_record
TN:
SF:app/schedules/page.tsx
FN:9,getStatusColor
FN:26,SchedulesPage
FN:39,(anonymous_4)
FN:47,(anonymous_5)
FN:101,(anonymous_6)
FN:104,(anonymous_7)
FN:131,(anonymous_8)
FN:158,(anonymous_9)
FN:174,(anonymous_10)
FN:183,(anonymous_11)
FNF:10
FNH:0
FNDA:0,getStatusColor
FNDA:0,SchedulesPage
FNDA:0,(anonymous_4)
FNDA:0,(anonymous_5)
FNDA:0,(anonymous_6)
FNDA:0,(anonymous_7)
FNDA:0,(anonymous_8)
FNDA:0,(anonymous_9)
FNDA:0,(anonymous_10)
FNDA:0,(anonymous_11)
DA:3,0
DA:4,0
DA:5,0
DA:6,0
DA:7,0
DA:10,0
DA:12,0
DA:14,0
DA:16,0
DA:18,0
DA:20,0
DA:22,0
DA:26,0
DA:35,0
DA:37,0
DA:39,0
DA:40,0
DA:41,0
DA:43,0
DA:47,0
DA:48,0
DA:49,0
DA:51,0
DA:102,0
DA:104,0
DA:132,0
DA:158,0
DA:174,0
DA:183,0
LF:29
LH:0
BRDA:10,0,0,0
BRDA:10,0,1,0
BRDA:10,0,2,0
BRDA:10,0,3,0
BRDA:10,0,4,0
BRDA:10,0,5,0
BRDA:66,1,0,0
BRDA:73,2,0,0
BRDA:73,2,1,0
BRDA:80,3,0,0
BRDA:80,3,1,0
BRDA:89,4,0,0
BRDA:89,4,1,0
BRDA:91,5,0,0
BRDA:91,5,1,0
BRDA:104,6,0,0
BRDA:104,6,1,0
BRDA:119,7,0,0
BRDA:119,7,1,0
BRDA:125,8,0,0
BRDA:131,9,0,0
BRDA:130,10,0,0
BRDA:130,10,1,0
BRDA:139,11,0,0
BRDA:139,11,1,0
BRDA:141,12,0,0
BRDA:155,13,0,0
BRDA:172,14,0,0
BRDA:181,15,0,0
BRDA:190,16,0,0
BRF:30
BRH:0
end_of_record
TN:
SF:app/settings/page.tsx
FN:8,SettingsPage
FN:23,(anonymous_2)
FN:29,(anonymous_3)
FN:30,(anonymous_4)
FN:34,(anonymous_5)
FN:42,(anonymous_6)
FN:48,(anonymous_7)
FN:56,(anonymous_8)
FN:62,(anonymous_9)
FN:66,(anonymous_10)
FN:72,(anonymous_11)
FN:80,(anonymous_12)
FN:122,(anonymous_13)
FN:140,(anonymous_14)
FN:156,(anonymous_15)
FN:181,(anonymous_16)
FN:188,(anonymous_17)
FN:224,(anonymous_18)
FN:235,(anonymous_19)
FN:246,(anonymous_20)
FN:275,(anonymous_21)
FN:286,(anonymous_22)
FN:297,(anonymous_23)
FNF:23
FNH:0
FNDA:0,SettingsPage
FNDA:0,(anonymous_2)
FNDA:0,(anonymous_3)
FNDA:0,(anonymous_4)
FNDA:0,(anonymous_5)
FNDA:0,(anonymous_6)
FNDA:0,(anonymous_7)
FNDA:0,(anonymous_8)
FNDA:0,(anonymous_9)
FNDA:0,(anonymous_10)
FNDA:0,(anonymous_11)
FNDA:0,(anonymous_12)
FNDA:0,(anonymous_13)
FNDA:0,(anonymous_14)
FNDA:0,(anonymous_15)
FNDA:0,(anonymous_16)
FNDA:0,(anonymous_17)
FNDA:0,(anonymous_18)
FNDA:0,(anonymous_19)
FNDA:0,(anonymous_20)
FNDA:0,(anonymous_21)
FNDA:0,(anonymous_22)
FNDA:0,(anonymous_23)
DA:3,0
DA:4,0
DA:5,0
DA:6,0
DA:8,0
DA:18,0
DA:20,0
DA:21,0
DA:23,0
DA:24,0
DA:25,0
DA:29,0
DA:30,0
DA:31,0
DA:34,0
DA:35,0
DA:36,0
DA:41,0
DA:42,0
DA:44,0
DA:48,0
DA:49,0
DA:50,0
DA:55,0
DA:56,0
DA:58,0
DA:62,0
DA:63,0
DA:64,0
DA:65,0
DA:66,0
DA:68,0
DA:72,0
DA:73,0
DA:74,0
DA:79,0
DA:80,0
DA:82,0
DA:86,0
DA:122,0
DA:141,0
DA:157,0
DA:182,0
DA:189,0
DA:225,0
DA:236,0
DA:247,0
DA:276,0
DA:287,0
DA:298,0
LF:50
LH:0
BRDA:24,0,0,0
BRDA:24,0,1,0
BRDA:86,1,0,0
BRDA:86,1,1,0
BRDA:105,2,0,0
BRDA:121,3,0,0
BRDA:121,3,1,0
BRDA:133,4,0,0
BRDA:133,4,1,0
BRDA:139,5,0,0
BRDA:139,5,1,0
BRDA:155,6,0,0
BRDA:155,6,1,0
BRDA:167,7,0,0
BRDA:167,7,1,0
BRDA:172,8,0,0
BRDA:172,8,1,0
BRDA:194,9,0,0
BRDA:194,9,1,0
BRDA:196,10,0,0
BRDA:196,10,1,0
BRDA:207,11,0,0
BRDA:207,11,1,0
BRDA:212,12,0,0
BRDA:212,12,1,0
BRDA:223,13,0,0
BRDA:223,13,1,0
BRDA:234,14,0,0
BRDA:234,14,1,0
BRDA:245,15,0,0
BRDA:245,15,1,0
BRDA:258,16,0,0
BRDA:258,16,1,0
BRDA:263,17,0,0
BRDA:263,17,1,0
BRDA:274,18,0,0
BRDA:274,18,1,0
BRDA:285,19,0,0
BRDA:285,19,1,0
BRDA:296,20,0,0
BRDA:296,20,1,0
BRDA:309,21,0,0
BRDA:309,21,1,0
BRDA:314,22,0,0
BRDA:314,22,1,0
BRF:45
BRH:0
end_of_record
TN:
SF:app/skills/page.tsx
FN:9,getScarcityColor
FN:22,getScarcityBadgeColor
FN:35,SkillsPage
FN:39,(anonymous_5)
FN:48,(anonymous_6)
FN:68,(anonymous_7)
FN:93,(anonymous_8)
FN:124,(anonymous_9)
FN:160,(anonymous_10)
FNF:9
FNH:0
FNDA:0,getScarcityColor
FNDA:0,getScarcityBadgeColor
FNDA:0,SkillsPage
FNDA:0,(anonymous_5)
FNDA:0,(anonymous_6)
FNDA:0,(anonymous_7)
FNDA:0,(anonymous_8)
FNDA:0,(anonymous_9)
FNDA:0,(anonymous_10)
DA:3,0
DA:4,0
DA:5,0
DA:6,0
DA:7,0
DA:10,0
DA:12,0
DA:14,0
DA:16,0
DA:18,0
DA:23,0
DA:25,0
DA:27,0
DA:29,0
DA:31,0
DA:35,0
DA:36,0
DA:37,0
DA:39,0
DA:40,0
DA:41,0
DA:42,0
DA:44,0
DA:48,0
DA:49,0
DA:50,0
DA:51,0
DA:53,0
DA:68,0
DA:94,0
DA:95,0
DA:124,0
DA:160,0
LF:33
LH:0
BRDA:10,0,0,0
BRDA:10,0,1,0
BRDA:10,0,2,0
BRDA:10,0,3,0
BRDA:23,1,0,0
BRDA:23,1,1,0
BRDA:23,1,2,0
BRDA:23,1,3,0
BRDA:49,2,0,0
BRDA:49,2,1,0
BRDA:76,3,0,0
BRDA:84,4,0,0
BRDA:84,4,1,0
BRDA:88,5,0,0
BRDA:88,5,1,0
BRDA:103,6,0,0
BRDA:103,6,1,0
BRDA:105,7,0,0
BRDA:105,7,1,0
BRDA:111,8,0,0
BRDA:115,9,0,0
BRDA:121,10,0,0
BRDA:121,10,1,0
BRDA:137,11,0,0
BRDA:137,11,1,0
BRDA:159,12,0,0
BRF:26
BRH:0
end_of_record
TN:
SF:components/charts/PieChart.tsx
FN:13,PieChart
FN:14,(anonymous_2)
FN:33,(anonymous_3)
FN:37,(anonymous_4)
FN:61,(anonymous_5)
FNF:5
FNH:0
FNDA:0,PieChart
FNDA:0,(anonymous_2)
FNDA:0,(anonymous_3)
FNDA:0,(anonymous_4)
FNDA:0,(anonymous_5)
DA:13,0
DA:14,0
DA:16,0
DA:34,0
DA:35,0
DA:37,0
DA:39,0
DA:40,0
DA:42,0
DA:62,0
LF:10
LH:0
BRDA:13,0,0,0
BRDA:16,1,0,0
BRDA:16,1,1,0
BRDA:26,2,0,0
BRF:4
BRH:0
end_of_record
TN:
SF:components/charts/SimpleBarChart.tsx
FN:14,SimpleBarChart
FN:15,(anonymous_2)
FN:21,(anonymous_3)
FNF:3
FNH:0
FNDA:0,SimpleBarChart
FNDA:0,(anonymous_2)
FNDA:0,(anonymous_3)
DA:14,0
DA:15,0
DA:22,0
LF:3
LH:0
BRDA:14,0,0,0
BRDA:14,1,0,0
BRDA:19,2,0,0
BRDA:23,3,0,0
BRDA:30,4,0,0
BRDA:30,4,1,0
BRF:6
BRH:0
end_of_record
TN:
SF:components/dashboard/BurnoutAlerts.tsx
FN:15,BurnoutAlerts
FN:28,(anonymous_2)
FNF:2
FNH:0
FNDA:0,BurnoutAlerts
FNDA:0,(anonymous_2)
DA:1,0
DA:15,0
DA:16,0
DA:29,0
LF:4
LH:0
BRDA:15,0,0,0
BRDA:16,1,0,0
BRDA:16,1,1,0
BRDA:35,2,0,0
BRDA:35,2,1,0
BRF:5
BRH:0
end_of_record
TN:
SF:components/dashboard/FairnessChart.tsx
FN:11,FairnessChart
FN:12,(anonymous_2)
FN:25,(anonymous_3)
FNF:3
FNH:0
FNDA:0,FairnessChart
FNDA:0,(anonymous_2)
FNDA:0,(anonymous_3)
DA:11,0
DA:12,0
DA:13,0
DA:14,0
DA:15,0
DA:26,0
LF:6
LH:0
BRDA:11,0,0,0
BRDA:11,1,0,0
BRDA:13,2,0,0
BRDA:13,2,1,0
BRDA:14,3,0,0
BRDA:14,3,1,0
BRDA:22,4,0,0
BRF:7
BRH:0
end_of_record
TN:
SF:components/dashboard/MetricsGrid.tsx
FN:18,MetricsGrid
FN:22,(anonymous_2)
FN:34,(anonymous_3)
FNF:3
FNH:0
FNDA:0,MetricsGrid
FNDA:0,(anonymous_2)
FNDA:0,(anonymous_3)
DA:1,0
DA:18,0
DA:19,0
DA:23,0
DA:35,0
LF:5
LH:0
BRDA:19,0,0,0
BRDA:19,0,1,0
BRDA:38,1,0,0
BRDA:42,2,0,0
BRDA:44,3,0,0
BRDA:44,3,1,0
BRDA:45,4,0,0
BRDA:45,4,1,0
BRDA:47,5,0,0
BRDA:47,5,1,0
BRDA:47,6,0,0
BRDA:47,6,1,0
BRF:12
BRH:0
end_of_record
TN:
SF:components/dashboard/RecentActivity.tsx
FN:21,RecentActivity
FN:32,(anonymous_2)
FNF:2
FNH:0
FNDA:0,RecentActivity
FNDA:0,(anonymous_2)
DA:13,0
DA:21,0
DA:22,0
DA:33,0
LF:4
LH:0
BRDA:21,0,0,0
BRDA:22,1,0,0
BRDA:22,1,1,0
BRF:3
BRH:0
end_of_record
TN:
SF:components/dashboard/ScheduleStatus.tsx
FN:24,ScheduleStatus
FN:36,(anonymous_2)
FNF:2
FNH:0
FNDA:0,ScheduleStatus
FNDA:0,(anonymous_2)
DA:1,0
DA:16,0
DA:24,0
DA:25,0
DA:37,0
DA:38,0
DA:42,0
LF:7
LH:0
BRDA:24,0,0,0
BRDA:25,1,0,0
BRDA:25,1,1,0
BRDA:38,2,0,0
BRDA:38,2,1,0
BRF:5
BRH:0
end_of_record
TN:
SF:components/forms/AvailabilityForm.tsx
FN:11,AvailabilityForm
FN:16,(anonymous_2)
FN:27,(anonymous_3)
FN:28,(anonymous_4)
FN:29,(anonymous_5)
FN:33,(anonymous_6)
FN:48,(anonymous_7)
FN:55,(anonymous_8)
FN:67,(anonymous_9)
FN:71,(anonymous_10)
FN:91,(anonymous_11)
FNF:11
FNH:0
FNDA:0,AvailabilityForm
FNDA:0,(anonymous_2)
FNDA:0,(anonymous_3)
FNDA:0,(anonymous_4)
FNDA:0,(anonymous_5)
FNDA:0,(anonymous_6)
FNDA:0,(anonymous_7)
FNDA:0,(anonymous_8)
FNDA:0,(anonymous_9)
FNDA:0,(anonymous_10)
FNDA:0,(anonymous_11)
DA:3,0
DA:4,0
DA:11,0
DA:12,0
DA:13,0
DA:14,0
DA:16,0
DA:17,0
DA:18,0
DA:19,0
DA:27,0
DA:28,0
DA:29,0
DA:33,0
DA:34,0
DA:35,0
DA:48,0
DA:55,0
DA:68,0
DA:71,0
DA:91,0
LF:21
LH:0
BRDA:29,0,0,0
BRDA:29,0,1,0
BRDA:47,1,0,0
BRDA:47,1,1,0
BRDA:54,2,0,0
BRDA:54,2,1,0
BRDA:73,3,0,0
BRDA:73,3,1,0
BRF:8
BRH:0
end_of_record
TN:
SF:components/forms/MemberForm.tsx
FN:14,MemberForm
FN:23,(anonymous_2)
FN:34,(anonymous_3)
FN:41,(anonymous_4)
FN:51,(anonymous_5)
FN:60,(anonymous_6)
FN:67,(anonymous_7)
FNF:7
FNH:0
FNDA:0,MemberForm
FNDA:0,(anonymous_2)
FNDA:0,(anonymous_3)
FNDA:0,(anonymous_4)
FNDA:0,(anonymous_5)
FNDA:0,(anonymous_6)
FNDA:0,(anonymous_7)
DA:3,0
DA:4,0
DA:5,0
DA:6,0
DA:14,0
DA:15,0
DA:23,0
DA:24,0
DA:25,0
DA:34,0
DA:41,0
DA:51,0
DA:60,0
DA:67,0
LF:14
LH:0
BRDA:16,0,0,0
BRDA:16,0,1,0
BRDA:17,1,0,0
BRDA:17,1,1,0
BRDA:18,2,0,0
BRDA:18,2,1,0
BRDA:19,3,0,0
BRDA:19,3,1,0
BRDA:20,4,0,0
BRDA:20,4,1,0
BRDA:77,5,0,0
BRDA:77,5,1,0
BRF:12
BRH:0
end_of_record
TN:
SF:components/forms/ScheduleForm.tsx
FN:12,ScheduleForm
FN:20,(anonymous_2)
FN:30,(anonymous_3)
FN:39,(anonymous_4)
FN:52,(anonymous_5)
FN:62,(anonymous_6)
FNF:6
FNH:0
FNDA:0,ScheduleForm
FNDA:0,(anonymous_2)
FNDA:0,(anonymous_3)
FNDA:0,(anonymous_4)
FNDA:0,(anonymous_5)
FNDA:0,(anonymous_6)
DA:3,0
DA:4,0
DA:5,0
DA:12,0
DA:13,0
DA:20,0
DA:21,0
DA:22,0
DA:30,0
DA:39,0
DA:52,0
DA:62,0
LF:12
LH:0
BRF:0
BRH:0
end_of_record
TN:
SF:components/layout/Header.tsx
FN:8,Header
FN:13,(anonymous_2)
FNF:2
FNH:0
FNDA:0,Header
FNDA:0,(anonymous_2)
DA:8,0
DA:14,0
LF:2
LH:0
BRDA:11,0,0,0
BRDA:15,1,0,0
BRDA:17,2,0,0
BRDA:28,3,0,0
BRDA:30,4,0,0
BRF:5
BRH:0
end_of_record
TN:
SF:components/layout/Navigation.tsx
FN:20,Navigation
FN:28,(anonymous_3)
FN:61,(anonymous_4)
FN:70,(anonymous_5)
FN:79,(anonymous_6)
FN:97,(anonymous_7)
FN:103,(anonymous_8)
FNF:7
FNH:0
FNDA:0,Navigation
FNDA:0,(anonymous_3)
FNDA:0,(anonymous_4)
FNDA:0,(anonymous_5)
FNDA:0,(anonymous_6)
FNDA:0,(anonymous_7)
FNDA:0,(anonymous_8)
DA:3,0
DA:4,0
DA:5,0
DA:6,0
DA:8,0
DA:20,0
DA:21,0
DA:22,0
DA:23,0
DA:24,0
DA:25,0
DA:26,0
DA:28,0
DA:30,0
DA:31,0
DA:33,0
DA:34,0
DA:35,0
DA:37,0
DA:38,0
DA:39,0
DA:40,0
DA:41,0
DA:45,0
DA:49,0
DA:50,0
DA:51,0
DA:52,0
DA:53,0
DA:56,0
DA:61,0
DA:62,0
DA:63,0
DA:70,0
DA:79,0
DA:98,0
DA:99,0
DA:103,0
LF:38
LH:0
BRDA:33,0,0,0
BRDA:33,0,1,0
BRDA:38,1,0,0
BRDA:38,1,1,0
BRDA:40,2,0,0
BRDA:40,2,1,0
BRDA:49,3,0,0
BRDA:49,3,1,0
BRDA:52,4,0,0
BRDA:52,4,1,0
BRDA:74,5,0,0
BRDA:74,5,1,0
BRDA:79,6,0,0
BRDA:82,7,0,0
BRDA:82,7,1,0
BRDA:94,8,0,0
BRDA:105,9,0,0
BRDA:105,9,1,0
BRF:18
BRH:0
end_of_record
TN:
SF:components/layout/Sidebar.tsx
FN:7,Sidebar
FNF:1
FNH:0
FNDA:0,Sidebar
DA:7,0
LF:1
LH:0
BRDA:7,0,0,0
BRDA:7,1,0,0
BRDA:10,2,0,0
BRDA:10,2,1,0
BRF:4
BRH:0
end_of_record
TN:
SF:components/members/AddMemberModal.tsx
FN:11,AddMemberModal
FN:23,(anonymous_2)
FN:25,(anonymous_3)
FN:28,(anonymous_4)
FN:29,(anonymous_5)
FN:32,(anonymous_6)
FN:37,(anonymous_7)
FN:149,(anonymous_8)
FN:154,(anonymous_9)
FNF:9
FNH:0
FNDA:0,AddMemberModal
FNDA:0,(anonymous_2)
FNDA:0,(anonymous_3)
FNDA:0,(anonymous_4)
FNDA:0,(anonymous_5)
FNDA:0,(anonymous_6)
FNDA:0,(anonymous_7)
FNDA:0,(anonymous_8)
FNDA:0,(anonymous_9)
DA:3,0
DA:11,0
DA:12,0
DA:20,0
DA:21,0
DA:23,0
DA:24,0
DA:25,0
DA:28,0
DA:29,0
DA:32,0
DA:37,0
DA:38,0
DA:39,0
DA:40,0
DA:42,0
DA:43,0
DA:44,0
DA:45,0
DA:48,0
DA:49,0
DA:50,0
DA:51,0
DA:54,0
DA:55,0
DA:56,0
DA:57,0
DA:60,0
DA:61,0
DA:63,0
DA:65,0
DA:150,0
DA:154,0
LF:33
LH:0
BRDA:31,0,0,0
BRDA:31,0,1,0
BRDA:42,1,0,0
BRDA:42,1,1,0
BRDA:48,2,0,0
BRDA:48,2,1,0
BRDA:54,3,0,0
BRDA:54,3,1,0
BRDA:63,4,0,0
BRDA:63,4,1,0
BRDA:83,5,0,0
BRDA:149,6,0,0
BRDA:178,7,0,0
BRDA:178,7,1,0
BRDA:183,8,0,0
BRDA:183,8,1,0
BRF:16
BRH:0
end_of_record
TN:
SF:components/members/MemberProfileModal.tsx
FN:8,MemberProfileModal
FN:65,(anonymous_2)
FNF:2
FNH:0
FNDA:0,MemberProfileModal
FNDA:0,(anonymous_2)
DA:8,0
DA:9,0
DA:66,0
LF:3
LH:0
BRDA:41,0,0,0
BRDA:41,0,1,0
BRDA:47,1,0,0
BRDA:47,1,1,0
BRDA:49,2,0,0
BRDA:49,2,1,0
BRDA:64,3,0,0
BRDA:63,4,0,0
BRDA:63,4,1,0
BRDA:85,5,0,0
BRDA:122,6,0,0
BRF:11
BRH:0
end_of_record
TN:
SF:components/members/MembersList.tsx
FN:4,MembersList
FNF:1
FNH:0
FNDA:0,MembersList
DA:4,0
DA:5,0
LF:2
LH:0
BRF:0
BRH:0
end_of_record
TN:
SF:components/roles/AddRoleModal.tsx
FN:11,AddRoleModal
FN:22,(anonymous_2)
FN:25,(anonymous_3)
FN:28,(anonymous_4)
FN:107,(anonymous_5)
FNF:5
FNH:0
FNDA:0,AddRoleModal
FNDA:0,(anonymous_2)
FNDA:0,(anonymous_3)
FNDA:0,(anonymous_4)
FNDA:0,(anonymous_5)
DA:3,0
DA:11,0
DA:12,0
DA:19,0
DA:20,0
DA:22,0
DA:23,0
DA:24,0
DA:25,0
DA:28,0
DA:29,0
DA:30,0
DA:31,0
DA:33,0
DA:34,0
DA:35,0
DA:36,0
DA:39,0
DA:40,0
DA:41,0
DA:42,0
DA:45,0
DA:46,0
DA:48,0
DA:50,0
DA:108,0
LF:26
LH:0
BRDA:24,0,0,0
BRDA:24,0,1,0
BRDA:33,1,0,0
BRDA:33,1,1,0
BRDA:39,2,0,0
BRDA:39,2,1,0
BRDA:48,3,0,0
BRDA:48,3,1,0
BRDA:68,4,0,0
BRDA:163,5,0,0
BRDA:163,5,1,0
BRDA:168,6,0,0
BRDA:168,6,1,0
BRF:13
BRH:0
end_of_record
TN:
SF:components/skills/AddSkillModal.tsx
FN:10,AddSkillModal
FN:19,(anonymous_2)
FN:21,(anonymous_3)
FN:24,(anonymous_4)
FNF:4
FNH:0
FNDA:0,AddSkillModal
FNDA:0,(anonymous_2)
FNDA:0,(anonymous_3)
FNDA:0,(anonymous_4)
DA:3,0
DA:10,0
DA:11,0
DA:16,0
DA:17,0
DA:19,0
DA:20,0
DA:21,0
DA:24,0
DA:25,0
DA:26,0
DA:27,0
DA:29,0
DA:30,0
DA:31,0
DA:32,0
DA:35,0
DA:36,0
DA:38,0
DA:40,0
LF:20
LH:0
BRDA:29,0,0,0
BRDA:29,0,1,0
BRDA:38,1,0,0
BRDA:38,1,1,0
BRDA:58,2,0,0
BRDA:114,3,0,0
BRDA:114,3,1,0
BRDA:119,4,0,0
BRDA:119,4,1,0
BRF:9
BRH:0
end_of_record
TN:
SF:components/tables/MembersTable.tsx
FN:30,MembersTable
FN:58,(anonymous_2)
FN:78,(anonymous_3)
FN:83,(anonymous_4)
FNF:4
FNH:0
FNDA:0,MembersTable
FNDA:0,(anonymous_2)
FNDA:0,(anonymous_3)
FNDA:0,(anonymous_4)
DA:3,0
DA:4,0
DA:5,0
DA:24,0
DA:30,0
DA:31,0
DA:35,0
DA:59,0
DA:78,0
DA:83,0
LF:10
LH:0
BRDA:31,0,0,0
BRDA:31,0,1,0
BRDA:35,1,0,0
BRDA:35,1,1,0
BRDA:64,2,0,0
BRDA:64,2,1,0
BRDA:72,3,0,0
BRDA:72,3,1,0
BRDA:77,4,0,0
BRDA:82,5,0,0
BRF:10
BRH:0
end_of_record
TN:
SF:components/tables/SchedulesTable.tsx
FN:32,SchedulesTable
FN:56,(anonymous_2)
FN:89,(anonymous_3)
FN:92,(anonymous_4)
FN:95,(anonymous_5)
FNF:5
FNH:0
FNDA:0,SchedulesTable
FNDA:0,(anonymous_2)
FNDA:0,(anonymous_3)
FNDA:0,(anonymous_4)
FNDA:0,(anonymous_5)
DA:3,0
DA:4,0
DA:5,0
DA:24,0
DA:32,0
DA:35,0
DA:57,0
DA:58,0
DA:62,0
DA:89,0
DA:92,0
DA:95,0
LF:12
LH:0
BRDA:35,0,0,0
BRDA:35,0,1,0
BRDA:58,1,0,0
BRDA:58,1,1,0
BRDA:88,2,0,0
BRDA:91,3,0,0
BRDA:94,4,0,0
BRDA:94,4,1,0
BRF:8
BRH:0
end_of_record
TN:
SF:components/ui/Alert.tsx
FN:32,Alert
FNF:1
FNH:0
FNDA:0,Alert
DA:9,0
DA:32,0
DA:33,0
LF:3
LH:0
BRDA:32,0,0,0
BRDA:32,1,0,0
BRDA:39,2,0,0
BRDA:42,3,0,0
BRF:4
BRH:0
end_of_record
TN:
SF:components/ui/Badge.tsx
FN:22,Badge
FNF:1
FNH:0
FNDA:0,Badge
DA:8,0
DA:17,0
DA:22,0
LF:3
LH:0
BRDA:22,0,0,0
BRDA:22,1,0,0
BRDA:22,2,0,0
BRF:3
BRH:0
end_of_record
TN:
SF:components/ui/Card.tsx
FN:10,Card
FN:25,CardHeader
FN:29,CardTitle
FN:33,CardContent
FN:37,CardFooter
FNF:5
FNH:0
FNDA:0,Card
FNDA:0,CardHeader
FNDA:0,CardTitle
FNDA:0,CardContent
FNDA:0,CardFooter
DA:1,0
DA:10,0
DA:25,0
DA:29,0
DA:33,0
DA:37,0
LF:6
LH:0
BRDA:10,0,0,0
BRDA:15,1,0,0
BRDA:15,1,1,0
BRF:3
BRH:0
end_of_record
TN:
SF:components/ui/Input.tsx
FN:13,(anonymous_1)
FNF:1
FNH:0
FNDA:0,(anonymous_1)
DA:3,0
DA:4,0
DA:12,0
DA:44,0
LF:4
LH:0
BRDA:16,0,0,0
BRDA:27,1,0,0
BRDA:27,1,1,0
BRDA:35,2,0,0
BRDA:36,3,0,0
BRDA:36,3,1,0
BRF:6
BRH:0
end_of_record
TN:
SF:components/ui/Modal.tsx
FN:21,Modal
FN:22,(anonymous_2)
FN:23,(anonymous_3)
FN:30,(anonymous_4)
FNF:4
FNH:0
FNDA:0,Modal
FNDA:0,(anonymous_2)
FNDA:0,(anonymous_3)
FNDA:0,(anonymous_4)
DA:3,0
DA:14,0
DA:21,0
DA:22,0
DA:23,0
DA:24,0
DA:26,0
DA:27,0
DA:28,0
DA:30,0
DA:31,0
DA:32,0
DA:36,0
LF:13
LH:0
BRDA:21,0,0,0
BRDA:24,1,0,0
BRDA:24,1,1,0
BRDA:26,2,0,0
BRDA:26,2,1,0
BRDA:36,3,0,0
BRDA:36,3,1,0
BRDA:42,4,0,0
BRDA:51,5,0,0
BRF:9
BRH:0
end_of_record
TN:
SF:components/ui/Select.tsx
FN:13,(anonymous_1)
FN:34,(anonymous_2)
FNF:2
FNH:0
FNDA:0,(anonymous_1)
FNDA:0,(anonymous_2)
DA:3,0
DA:4,0
DA:12,0
DA:35,0
DA:46,0
LF:5
LH:0
BRDA:16,0,0,0
BRDA:27,1,0,0
BRDA:27,1,1,0
BRDA:40,2,0,0
BRF:4
BRH:0
end_of_record
TN:
SF:components/ui/Spinner.tsx
FN:13,Spinner
FNF:1
FNH:0
FNDA:0,Spinner
DA:7,0
DA:13,0
LF:2
LH:0
BRDA:13,0,0,0
BRDA:13,1,0,0
BRDA:13,2,0,0
BRF:3
BRH:0
end_of_record
TN:
SF:components/ui/Table.tsx
FN:6,Table
FN:16,THead
FN:20,TBody
FN:24,Th
FN:32,Td
FN:40,Tr
FNF:6
FNH:0
FNDA:0,Table
FNDA:0,THead
FNDA:0,TBody
FNDA:0,Th
FNDA:0,Td
FNDA:0,Tr
DA:6,0
DA:16,0
DA:20,0
DA:24,0
DA:32,0
DA:40,0
LF:6
LH:0
BRDA:6,0,0,0
BRDA:16,1,0,0
BRDA:20,2,0,0
BRDA:24,3,0,0
BRDA:32,4,0,0
BRDA:40,5,0,0
BRDA:42,6,0,0
BRDA:42,6,1,0
BRF:8
BRH:0
end_of_record
TN:
SF:components/ui/button.tsx
FN:28,(anonymous_1)
FNF:1
FNH:0
FNDA:0,(anonymous_1)
DA:3,0
DA:13,0
DA:21,0
DA:27,0
DA:73,0
LF:5
LH:0
BRDA:29,0,0,0
BRDA:30,1,0,0
BRDA:36,2,0,0
BRDA:42,3,0,0
BRDA:42,3,1,0
BRDA:54,4,0,0
BRDA:63,5,0,0
BRDA:65,6,0,0
BRF:8
BRH:0
end_of_record
TN:
SF:components/ui/index.ts
FNF:0
FNH:0
DA:1,0
DA:2,0
DA:3,0
DA:4,0
DA:5,0
DA:6,0
DA:7,0
DA:8,0
DA:9,0
LF:9
LH:0
BRF:0
BRH:0
end_of_record
TN:
SF:hooks/useAnalytics.ts
FN:6,useAnalytics
FN:10,(anonymous_2)
FN:13,(anonymous_3)
FNF:3
FNH:0
FNDA:0,useAnalytics
FNDA:0,(anonymous_2)
FNDA:0,(anonymous_3)
DA:3,0
DA:4,0
DA:6,0
DA:7,0
DA:8,0
DA:10,0
DA:11,0
DA:13,0
DA:14,0
DA:15,0
DA:16,0
DA:18,0
DA:20,0
DA:24,0
DA:27,0
LF:15
LH:0
BRDA:11,0,0,0
BRDA:11,0,1,0
BRF:2
BRH:0
end_of_record
TN:
SF:hooks/useAuditLogs.ts
FN:34,useAuditLogs
FN:40,(anonymous_3)
FN:41,(anonymous_4)
FN:47,(anonymous_5)
FN:55,(anonymous_6)
FN:68,(anonymous_7)
FN:81,(anonymous_8)
FN:95,(anonymous_9)
FN:116,(anonymous_10)
FNF:9
FNH:0
FNDA:0,useAuditLogs
FNDA:0,(anonymous_3)
FNDA:0,(anonymous_4)
FNDA:0,(anonymous_5)
FNDA:0,(anonymous_6)
FNDA:0,(anonymous_7)
FNDA:0,(anonymous_8)
FNDA:0,(anonymous_9)
FNDA:0,(anonymous_10)
DA:3,0
DA:4,0
DA:5,0
DA:34,0
DA:35,0
DA:38,0
DA:40,0
DA:41,0
DA:45,0
DA:48,0
DA:49,0
DA:54,0
DA:56,0
DA:57,0
DA:58,0
DA:60,0
DA:61,0
DA:67,0
DA:69,0
DA:70,0
DA:71,0
DA:73,0
DA:74,0
DA:80,0
DA:82,0
DA:83,0
DA:86,0
DA:88,0
DA:89,0
DA:95,0
DA:96,0
DA:98,0
DA:99,0
DA:104,0
DA:105,0
DA:106,0
DA:107,0
DA:108,0
DA:113,0
DA:116,0
DA:117,0
DA:131,0
DA:138,0
LF:43
LH:0
BRDA:38,0,0,0
BRDA:38,0,1,0
BRDA:49,1,0,0
BRDA:49,1,1,0
BRDA:58,2,0,0
BRDA:58,2,1,0
BRDA:71,3,0,0
BRDA:71,3,1,0
BRDA:86,4,0,0
BRDA:86,4,1,0
BRDA:98,5,0,0
BRDA:98,5,1,0
BRDA:98,6,0,0
BRDA:98,6,1,0
BRDA:107,7,0,0
BRDA:107,7,1,0
BRDA:132,8,0,0
BRDA:132,8,1,0
BRDA:139,9,0,0
BRDA:139,9,1,0
BRDA:141,10,0,0
BRDA:141,10,1,0
BRF:22
BRH:0
end_of_record
TN:
SF:hooks/useAuth.ts
FN:22,useAuth
FN:29,(anonymous_3)
FN:50,(anonymous_4)
FN:92,(anonymous_5)
FN:133,(anonymous_6)
FN:140,(anonymous_7)
FNF:6
FNH:0
FNDA:0,useAuth
FNDA:0,(anonymous_3)
FNDA:0,(anonymous_4)
FNDA:0,(anonymous_5)
FNDA:0,(anonymous_6)
FNDA:0,(anonymous_7)
DA:3,0
DA:4,0
DA:6,0
DA:22,0
DA:23,0
DA:24,0
DA:25,0
DA:26,0
DA:29,0
DA:30,0
DA:31,0
DA:32,0
DA:33,0
DA:34,0
DA:36,0
DA:39,0
DA:40,0
DA:41,0
DA:43,0
DA:46,0
DA:49,0
DA:51,0
DA:52,0
DA:53,0
DA:55,0
DA:65,0
DA:67,0
DA:68,0
DA:70,0
DA:71,0
DA:72,0
DA:73,0
DA:74,0
DA:75,0
DA:76,0
DA:77,0
DA:78,0
DA:79,0
DA:82,0
DA:83,0
DA:85,0
DA:91,0
DA:93,0
DA:94,0
DA:95,0
DA:96,0
DA:101,0
DA:107,0
DA:113,0
DA:114,0
DA:115,0
DA:118,0
DA:119,0
DA:121,0
DA:123,0
DA:124,0
DA:125,0
DA:127,0
DA:133,0
DA:134,0
DA:135,0
DA:136,0
DA:137,0
DA:140,0
DA:141,0
DA:142,0
DA:143,0
DA:147,0
DA:152,0
DA:153,0
DA:154,0
DA:156,0
DA:157,0
DA:161,0
LF:74
LH:0
BRDA:6,0,0,0
BRDA:6,0,1,0
BRDA:32,1,0,0
BRDA:32,1,1,0
BRDA:39,2,0,0
BRDA:39,2,1,0
BRDA:60,3,0,0
BRDA:60,3,1,0
BRDA:61,4,0,0
BRDA:61,4,1,0
BRDA:70,5,0,0
BRDA:70,5,1,0
BRDA:72,6,0,0
BRDA:72,6,1,0
BRDA:72,7,0,0
BRDA:72,7,1,0
BRDA:74,8,0,0
BRDA:74,8,1,0
BRDA:74,9,0,0
BRDA:74,9,1,0
BRDA:76,10,0,0
BRDA:76,10,1,0
BRDA:78,11,0,0
BRDA:78,11,1,0
BRDA:123,12,0,0
BRDA:123,12,1,0
BRDA:123,12,2,0
BRDA:141,13,0,0
BRDA:141,13,1,0
BRF:29
BRH:0
end_of_record
TN:
SF:hooks/useAvailability.ts
FN:27,useAvailability
FN:34,(anonymous_3)
FN:42,(anonymous_4)
FN:61,(anonymous_5)
FN:84,(anonymous_6)
FN:87,(anonymous_7)
FN:89,(anonymous_8)
FN:94,(anonymous_9)
FNF:8
FNH:0
FNDA:0,useAvailability
FNDA:0,(anonymous_3)
FNDA:0,(anonymous_4)
FNDA:0,(anonymous_5)
FNDA:0,(anonymous_6)
FNDA:0,(anonymous_7)
FNDA:0,(anonymous_8)
FNDA:0,(anonymous_9)
DA:3,0
DA:4,0
DA:5,0
DA:27,0
DA:28,0
DA:29,0
DA:30,0
DA:32,0
DA:35,0
DA:36,0
DA:41,0
DA:43,0
DA:44,0
DA:45,0
DA:46,0
DA:47,0
DA:48,0
DA:50,0
DA:51,0
DA:52,0
DA:54,0
DA:60,0
DA:62,0
DA:63,0
DA:64,0
DA:65,0
DA:69,0
DA:70,0
DA:73,0
DA:74,0
DA:75,0
DA:77,0
DA:83,0
DA:85,0
DA:86,0
DA:87,0
DA:89,0
DA:94,0
DA:95,0
DA:96,0
DA:99,0
LF:41
LH:0
BRDA:33,0,0,0
BRDA:33,0,1,0
BRDA:36,1,0,0
BRDA:36,1,1,0
BRDA:50,2,0,0
BRDA:50,2,1,0
BRDA:73,3,0,0
BRDA:73,3,1,0
BRDA:85,4,0,0
BRDA:85,4,1,0
BRDA:95,5,0,0
BRDA:95,5,1,0
BRDA:100,6,0,0
BRDA:100,6,1,0
BRDA:102,7,0,0
BRDA:102,7,1,0
BRF:16
BRH:0
end_of_record
TN:
SF:hooks/useDashboard.ts
FN:28,useDashboard
FN:34,(anonymous_3)
FN:44,(anonymous_4)
FN:56,(anonymous_5)
FN:66,(anonymous_6)
FN:74,(anonymous_7)
FN:76,(anonymous_8)
FNF:7
FNH:0
FNDA:0,useDashboard
FNDA:0,(anonymous_3)
FNDA:0,(anonymous_4)
FNDA:0,(anonymous_5)
FNDA:0,(anonymous_6)
FNDA:0,(anonymous_7)
FNDA:0,(anonymous_8)
DA:3,0
DA:4,0
DA:5,0
DA:28,0
DA:29,0
DA:30,0
DA:32,0
DA:35,0
DA:36,0
DA:44,0
DA:45,0
DA:46,0
DA:47,0
DA:49,0
DA:50,0
DA:52,0
DA:56,0
DA:57,0
DA:58,0
DA:66,0
DA:67,0
DA:68,0
DA:69,0
DA:70,0
DA:71,0
DA:74,0
DA:75,0
DA:76,0
DA:77,0
DA:81,0
LF:30
LH:0
BRDA:49,0,0,0
BRDA:49,0,1,0
BRDA:57,1,0,0
BRDA:57,1,1,0
BRDA:59,2,0,0
BRDA:59,2,1,0
BRDA:59,2,2,0
BRDA:59,2,3,0
BRDA:67,3,0,0
BRDA:67,3,1,0
BRDA:68,4,0,0
BRDA:68,4,1,0
BRDA:69,5,0,0
BRDA:69,5,1,0
BRDA:69,6,0,0
BRDA:69,6,1,0
BRDA:70,7,0,0
BRDA:70,7,1,0
BRDA:75,8,0,0
BRDA:75,8,1,0
BRDA:75,9,0,0
BRDA:75,9,1,0
BRDA:77,10,0,0
BRDA:77,10,1,0
BRDA:84,11,0,0
BRDA:84,11,1,0
BRF:26
BRH:0
end_of_record
TN:
SF:hooks/useMembers.ts
FN:36,useMembers
FN:44,(anonymous_3)
FN:52,(anonymous_4)
FN:87,(anonymous_5)
FN:106,(anonymous_6)
FNF:5
FNH:0
FNDA:0,useMembers
FNDA:0,(anonymous_3)
FNDA:0,(anonymous_4)
FNDA:0,(anonymous_5)
FNDA:0,(anonymous_6)
DA:3,0
DA:4,0
DA:5,0
DA:36,0
DA:37,0
DA:38,0
DA:39,0
DA:40,0
DA:42,0
DA:45,0
DA:46,0
DA:51,0
DA:53,0
DA:54,0
DA:55,0
DA:56,0
DA:64,0
DA:65,0
DA:66,0
DA:73,0
DA:74,0
DA:76,0
DA:77,0
DA:78,0
DA:80,0
DA:86,0
DA:88,0
DA:89,0
DA:90,0
DA:91,0
DA:92,0
DA:93,0
DA:95,0
DA:96,0
DA:97,0
DA:99,0
DA:105,0
DA:107,0
DA:108,0
DA:109,0
DA:111,0
DA:112,0
DA:114,0
DA:115,0
DA:116,0
DA:118,0
DA:124,0
LF:47
LH:0
BRDA:46,0,0,0
BRDA:46,0,1,0
BRDA:64,1,0,0
BRDA:64,1,1,0
BRDA:76,2,0,0
BRDA:76,2,1,0
BRDA:95,3,0,0
BRDA:95,3,1,0
BRDA:114,4,0,0
BRDA:114,4,1,0
BRDA:125,5,0,0
BRDA:125,5,1,0
BRDA:127,6,0,0
BRDA:127,6,1,0
BRF:14
BRH:0
end_of_record
TN:
SF:hooks/useOrganization.ts
FN:12,useOrganization
FN:16,(anonymous_2)
FNF:2
FNH:0
FNDA:0,useOrganization
FNDA:0,(anonymous_2)
DA:3,0
DA:12,0
DA:13,0
DA:14,0
DA:16,0
DA:18,0
DA:19,0
DA:20,0
DA:22,0
DA:25,0
LF:10
LH:0
BRDA:19,0,0,0
BRDA:19,0,1,0
BRF:2
BRH:0
end_of_record
TN:
SF:hooks/useRoles.ts
FN:31,useRoles
FN:39,(anonymous_3)
FN:47,(anonymous_4)
FN:66,(anonymous_5)
FN:85,(anonymous_6)
FN:102,(anonymous_7)
FN:109,(anonymous_8)
FNF:7
FNH:0
FNDA:0,useRoles
FNDA:0,(anonymous_3)
FNDA:0,(anonymous_4)
FNDA:0,(anonymous_5)
FNDA:0,(anonymous_6)
FNDA:0,(anonymous_7)
FNDA:0,(anonymous_8)
DA:3,0
DA:4,0
DA:5,0
DA:31,0
DA:32,0
DA:33,0
DA:34,0
DA:35,0
DA:37,0
DA:40,0
DA:41,0
DA:46,0
DA:48,0
DA:49,0
DA:50,0
DA:51,0
DA:52,0
DA:53,0
DA:55,0
DA:56,0
DA:57,0
DA:59,0
DA:65,0
DA:67,0
DA:68,0
DA:69,0
DA:70,0
DA:71,0
DA:72,0
DA:74,0
DA:75,0
DA:76,0
DA:78,0
DA:84,0
DA:86,0
DA:87,0
DA:88,0
DA:89,0
DA:90,0
DA:92,0
DA:93,0
DA:94,0
DA:96,0
DA:102,0
DA:104,0
DA:105,0
DA:106,0
DA:109,0
DA:110,0
DA:111,0
DA:113,0
DA:114,0
DA:115,0
DA:116,0
DA:119,0
LF:55
LH:0
BRDA:41,0,0,0
BRDA:41,0,1,0
BRDA:55,1,0,0
BRDA:55,1,1,0
BRDA:74,2,0,0
BRDA:74,2,1,0
BRDA:92,3,0,0
BRDA:92,3,1,0
BRDA:110,4,0,0
BRDA:110,4,1,0
BRDA:113,5,0,0
BRDA:113,5,1,0
BRDA:114,6,0,0
BRDA:114,6,1,0
BRDA:115,7,0,0
BRDA:115,7,1,0
BRDA:120,8,0,0
BRDA:120,8,1,0
BRDA:122,9,0,0
BRDA:122,9,1,0
BRF:20
BRH:0
end_of_record
TN:
SF:hooks/useSchedules.ts
FN:51,useSchedules
FN:60,(anonymous_3)
FN:69,(anonymous_4)
FN:76,(anonymous_5)
FN:90,(anonymous_6)
FN:93,(anonymous_7)
FN:137,(anonymous_8)
FN:159,(anonymous_9)
FN:179,(anonymous_10)
FN:199,(anonymous_11)
FNF:10
FNH:0
FNDA:0,useSchedules
FNDA:0,(anonymous_3)
FNDA:0,(anonymous_4)
FNDA:0,(anonymous_5)
FNDA:0,(anonymous_6)
FNDA:0,(anonymous_7)
FNDA:0,(anonymous_8)
FNDA:0,(anonymous_9)
FNDA:0,(anonymous_10)
FNDA:0,(anonymous_11)
DA:3,0
DA:4,0
DA:5,0
DA:51,0
DA:52,0
DA:53,0
DA:54,0
DA:55,0
DA:56,0
DA:58,0
DA:61,0
DA:62,0
DA:67,0
DA:70,0
DA:71,0
DA:75,0
DA:77,0
DA:78,0
DA:79,0
DA:80,0
DA:83,0
DA:84,0
DA:90,0
DA:91,0
DA:93,0
DA:94,0
DA:95,0
DA:96,0
DA:97,0
DA:102,0
DA:103,0
DA:104,0
DA:105,0
DA:108,0
DA:111,0
DA:114,0
DA:117,0
DA:118,0
DA:121,0
DA:122,0
DA:123,0
DA:128,0
DA:130,0
DA:136,0
DA:138,0
DA:139,0
DA:140,0
DA:141,0
DA:144,0
DA:145,0
DA:146,0
DA:148,0
DA:149,0
DA:150,0
DA:152,0
DA:158,0
DA:160,0
DA:161,0
DA:162,0
DA:163,0
DA:164,0
DA:165,0
DA:166,0
DA:168,0
DA:169,0
DA:170,0
DA:172,0
DA:178,0
DA:180,0
DA:181,0
DA:182,0
DA:183,0
DA:184,0
DA:185,0
DA:186,0
DA:188,0
DA:189,0
DA:190,0
DA:192,0
DA:198,0
DA:200,0
DA:201,0
DA:202,0
DA:206,0
DA:207,0
DA:209,0
DA:210,0
DA:211,0
DA:217,0
LF:89
LH:0
BRDA:62,0,0,0
BRDA:62,0,1,0
BRDA:68,1,0,0
BRDA:68,1,1,0
BRDA:83,2,0,0
BRDA:83,2,1,0
BRDA:96,3,0,0
BRDA:96,3,1,0
BRDA:104,4,0,0
BRDA:104,4,1,0
BRDA:105,5,0,0
BRDA:105,5,1,0
BRDA:121,6,0,0
BRDA:121,6,1,0
BRDA:121,6,2,0
BRDA:148,7,0,0
BRDA:148,7,1,0
BRDA:168,8,0,0
BRDA:168,8,1,0
BRDA:188,9,0,0
BRDA:188,9,1,0
BRDA:209,10,0,0
BRDA:209,10,1,0
BRDA:218,11,0,0
BRDA:218,11,1,0
BRDA:221,12,0,0
BRDA:221,12,1,0
BRF:27
BRH:0
end_of_record
TN:
SF:hooks/useSettings.ts
FN:22,useSettings
FN:28,(anonymous_3)
FN:36,(anonymous_4)
FN:55,(anonymous_5)
FN:70,(anonymous_6)
FN:77,(anonymous_7)
FN:92,(anonymous_8)
FNF:7
FNH:0
FNDA:0,useSettings
FNDA:0,(anonymous_3)
FNDA:0,(anonymous_4)
FNDA:0,(anonymous_5)
FNDA:0,(anonymous_6)
FNDA:0,(anonymous_7)
FNDA:0,(anonymous_8)
DA:3,0
DA:4,0
DA:5,0
DA:22,0
DA:23,0
DA:24,0
DA:26,0
DA:29,0
DA:30,0
DA:35,0
DA:37,0
DA:38,0
DA:39,0
DA:40,0
DA:41,0
DA:42,0
DA:44,0
DA:45,0
DA:46,0
DA:48,0
DA:54,0
DA:60,0
DA:69,0
DA:71,0
DA:76,0
DA:82,0
DA:91,0
DA:97,0
DA:106,0
LF:29
LH:0
BRDA:44,0,0,0
BRDA:44,0,1,0
BRDA:109,1,0,0
BRDA:109,1,1,0
BRF:4
BRH:0
end_of_record
TN:
SF:hooks/useSkills.ts
FN:24,useSkills
FN:32,(anonymous_3)
FN:40,(anonymous_4)
FN:59,(anonymous_5)
FN:78,(anonymous_6)
FN:95,(anonymous_7)
FNF:6
FNH:0
FNDA:0,useSkills
FNDA:0,(anonymous_3)
FNDA:0,(anonymous_4)
FNDA:0,(anonymous_5)
FNDA:0,(anonymous_6)
FNDA:0,(anonymous_7)
DA:3,0
DA:4,0
DA:5,0
DA:24,0
DA:25,0
DA:26,0
DA:27,0
DA:28,0
DA:30,0
DA:33,0
DA:34,0
DA:39,0
DA:41,0
DA:42,0
DA:43,0
DA:44,0
DA:45,0
DA:46,0
DA:48,0
DA:49,0
DA:50,0
DA:52,0
DA:58,0
DA:60,0
DA:61,0
DA:62,0
DA:63,0
DA:64,0
DA:65,0
DA:67,0
DA:68,0
DA:69,0
DA:71,0
DA:77,0
DA:79,0
DA:80,0
DA:81,0
DA:82,0
DA:83,0
DA:85,0
DA:86,0
DA:87,0
DA:89,0
DA:95,0
DA:97,0
DA:98,0
DA:99,0
DA:100,0
DA:103,0
LF:49
LH:0
BRDA:34,0,0,0
BRDA:34,0,1,0
BRDA:48,1,0,0
BRDA:48,1,1,0
BRDA:67,2,0,0
BRDA:67,2,1,0
BRDA:85,3,0,0
BRDA:85,3,1,0
BRDA:97,4,0,0
BRDA:97,4,1,0
BRDA:98,5,0,0
BRDA:98,5,1,0
BRDA:99,6,0,0
BRDA:99,6,1,0
BRDA:104,7,0,0
BRDA:104,7,1,0
BRDA:106,8,0,0
BRDA:106,8,1,0
BRF:18
BRH:0
end_of_record
